[2026-06-18 21:19:32] PDOException: There is already an active transaction |   | user:1
#0 C:\xampp\htdocs\sistema_parque_vehicular\app\Repositories\VehiculoRepository.php(128): PDO->beginTransaction()
#1 C:\xampp\htdocs\sistema_parque_vehicular\app\Services\ComisionService.php(344): App\Repositories\VehiculoRepository->updateEstado(1, 'disponible', 'Fin comisi\xC3\xB3n C...', 1)
#2 C:\xampp\htdocs\sistema_parque_vehicular\tmp_test_comb.php(24): App\Services\ComisionService->finalizar(1, Array)
#3 {main}
---
[2026-06-18 13:21:01] Error: Call to undefined function get_magic_quotes_runtime() | GET /sistema_parque_vehicular/public/comisiones/1/documentos/combinado | user:1
#0 C:\xampp\htdocs\sistema_parque_vehicular\vendor\setasign\fpdf\fpdf.php(77): FPDF->_dochecks()
#1 C:\xampp\htdocs\sistema_parque_vehicular\app\Services\PdfMergeService.php(48): FPDF->__construct()
#2 C:\xampp\htdocs\sistema_parque_vehicular\app\Services\PdfMergeService.php(20): App\Services\PdfMergeService->buildMergedPdf(Array)
#3 C:\xampp\htdocs\sistema_parque_vehicular\app\Services\ComisionService.php(171): App\Services\PdfMergeService->mergeToFile(Array, 'C:\\xampp\\htdocs...')
#4 C:\xampp\htdocs\sistema_parque_vehicular\app\Controllers\ComisionController.php(79): App\Services\ComisionService->streamDocumentosCombinados(1)
#5 C:\xampp\htdocs\sistema_parque_vehicular\app\Core\Router.php(93): App\Controllers\ComisionController->documentosCombinados(Object(App\Core\Request), '1')
#6 C:\xampp\htdocs\sistema_parque_vehicular\app\Core\Router.php(67): App\Core\Router->invokeHandler(Array, Array, Object(App\Core\Request))
#7 C:\xampp\htdocs\sistema_parque_vehicular\app\Middlewares\PermissionMiddleware.php(24): App\Core\Router->App\Core\{closure}()
#8 C:\xampp\htdocs\sistema_parque_vehicular\app\Core\Router.php(85): App\Middlewares\PermissionMiddleware->handle(Object(App\Core\Request), Object(Closure))
#9 C:\xampp\htdocs\sistema_parque_vehicular\app\Core\Router.php(66): App\Core\Router->runMiddleware(Object(App\Middlewares\PermissionMiddleware), Object(App\Core\Request), Object(Closure))
#10 C:\xampp\htdocs\sistema_parque_vehicular\app\Middlewares\AuthMiddleware.php(18): App\Core\Router->App\Core\{closure}()
#11 C:\xampp\htdocs\sistema_parque_vehicular\app\Core\Router.php(85): App\Middlewares\AuthMiddleware->handle(Object(App\Core\Request), Object(Closure))
#12 C:\xampp\htdocs\sistema_parque_vehicular\app\Core\Router.php(66): App\Core\Router->runMiddleware(Object(App\Middlewares\AuthMiddleware), Object(App\Core\Request), Object(Closure))
#13 C:\xampp\htdocs\sistema_parque_vehicular\app\Core\Router.php(70): App\Core\Router->App\Core\{closure}()
#14 C:\xampp\htdocs\sistema_parque_vehicular\app\Core\Application.php(36): App\Core\Router->dispatch(Object(App\Core\Request))
#15 C:\xampp\htdocs\sistema_parque_vehicular\public\index.php(13): App\Core\Application->run()
#16 {main}
---
[2026-06-19 08:47:29] PDOException: SQLSTATE[42S02]: Base table or view not found: 1146 Table 'sicv_cecyte_bcs.vehiculo_luces_tablero' doesn't exist | GET /sistema_parque_vehicular/public/vehiculos/1 | user:1
#0 C:\xampp\htdocs\sistema_parque_vehicular\app\Repositories\BaseRepository.php(21): PDO->prepare('SELECT luz_codi...')
#1 C:\xampp\htdocs\sistema_parque_vehicular\app\Repositories\VehiculoRepository.php(419): App\Repositories\BaseRepository->fetchAll('SELECT luz_codi...', Array)
#2 C:\xampp\htdocs\sistema_parque_vehicular\app\Repositories\VehiculoRepository.php(301): App\Repositories\VehiculoRepository->getLucesTablero(1)
#3 C:\xampp\htdocs\sistema_parque_vehicular\app\Services\VehiculoService.php(213): App\Repositories\VehiculoRepository->getExpedienteData(1)
#4 C:\xampp\htdocs\sistema_parque_vehicular\app\Controllers\VehiculoController.php(71): App\Services\VehiculoService->getExpediente(1)
#5 C:\xampp\htdocs\sistema_parque_vehicular\app\Core\Router.php(93): App\Controllers\VehiculoController->show(Object(App\Core\Request), '1')
#6 C:\xampp\htdocs\sistema_parque_vehicular\app\Core\Router.php(67): App\Core\Router->invokeHandler(Array, Array, Object(App\Core\Request))
#7 C:\xampp\htdocs\sistema_parque_vehicular\app\Middlewares\PermissionMiddleware.php(24): App\Core\Router->App\Core\{closure}()
#8 C:\xampp\htdocs\sistema_parque_vehicular\app\Core\Router.php(85): App\Middlewares\PermissionMiddleware->handle(Object(App\Core\Request), Object(Closure))
#9 C:\xampp\htdocs\sistema_parque_vehicular\app\Core\Router.php(66): App\Core\Router->runMiddleware(Object(App\Middlewares\PermissionMiddleware), Object(App\Core\Request), Object(Closure))
#10 C:\xampp\htdocs\sistema_parque_vehicular\app\Middlewares\AuthMiddleware.php(18): App\Core\Router->App\Core\{closure}()
#11 C:\xampp\htdocs\sistema_parque_vehicular\app\Core\Router.php(85): App\Middlewares\AuthMiddleware->handle(Object(App\Core\Request), Object(Closure))
#12 C:\xampp\htdocs\sistema_parque_vehicular\app\Core\Router.php(66): App\Core\Router->runMiddleware(Object(App\Middlewares\AuthMiddleware), Object(App\Core\Request), Object(Closure))
#13 C:\xampp\htdocs\sistema_parque_vehicular\app\Core\Router.php(70): App\Core\Router->App\Core\{closure}()
#14 C:\xampp\htdocs\sistema_parque_vehicular\app\Core\Application.php(36): App\Core\Router->dispatch(Object(App\Core\Request))
#15 C:\xampp\htdocs\sistema_parque_vehicular\public\index.php(13): App\Core\Application->run()
#16 {main}
---
[2026-06-23 08:59:44] PDOException: SQLSTATE[42S22]: Column not found: 1054 Unknown column 'm.es_historico' in 'where clause' | GET /sistema_parque_vehicular/public/comisiones/13 | user:1
#0 C:\xampp\htdocs\sistema_parque_vehicular\app\Repositories\BaseRepository.php(28): PDO->prepare('SELECT m.id, m....')
#1 C:\xampp\htdocs\sistema_parque_vehicular\app\Repositories\MantenimientoRepository.php(216): App\Repositories\BaseRepository->fetchOne('SELECT m.id, m....', Array)
#2 C:\xampp\htdocs\sistema_parque_vehicular\app\Services\ComisionService.php(64): App\Repositories\MantenimientoRepository->getUltimoFinalizado(1)
#3 C:\xampp\htdocs\sistema_parque_vehicular\app\Controllers\ComisionController.php(64): App\Services\ComisionService->getUltimoMantenimiento(1)
#4 C:\xampp\htdocs\sistema_parque_vehicular\app\Core\Router.php(93): App\Controllers\ComisionController->show(Object(App\Core\Request), '13')
#5 C:\xampp\htdocs\sistema_parque_vehicular\app\Core\Router.php(67): App\Core\Router->invokeHandler(Array, Array, Object(App\Core\Request))
#6 C:\xampp\htdocs\sistema_parque_vehicular\app\Middlewares\PermissionMiddleware.php(24): App\Core\Router->App\Core\{closure}()
#7 C:\xampp\htdocs\sistema_parque_vehicular\app\Core\Router.php(85): App\Middlewares\PermissionMiddleware->handle(Object(App\Core\Request), Object(Closure))
#8 C:\xampp\htdocs\sistema_parque_vehicular\app\Core\Router.php(66): App\Core\Router->runMiddleware(Object(App\Middlewares\PermissionMiddleware), Object(App\Core\Request), Object(Closure))
#9 C:\xampp\htdocs\sistema_parque_vehicular\app\Middlewares\AuthMiddleware.php(18): App\Core\Router->App\Core\{closure}()
#10 C:\xampp\htdocs\sistema_parque_vehicular\app\Core\Router.php(85): App\Middlewares\AuthMiddleware->handle(Object(App\Core\Request), Object(Closure))
#11 C:\xampp\htdocs\sistema_parque_vehicular\app\Core\Router.php(66): App\Core\Router->runMiddleware(Object(App\Middlewares\AuthMiddleware), Object(App\Core\Request), Object(Closure))
#12 C:\xampp\htdocs\sistema_parque_vehicular\app\Core\Router.php(70): App\Core\Router->App\Core\{closure}()
#13 C:\xampp\htdocs\sistema_parque_vehicular\app\Core\Application.php(36): App\Core\Router->dispatch(Object(App\Core\Request))
#14 C:\xampp\htdocs\sistema_parque_vehicular\public\index.php(13): App\Core\Application->run()
#15 {main}
---
[2026-06-24 09:27:41] PDOException: SQLSTATE[42S22]: Column not found: 1054 Unknown column 'servicio' in 'where clause' | GET /sistema_parque_vehicular/public/alertas | user:1
#0 C:\xampp\htdocs\sistema_parque_vehicular\app\Repositories\BaseRepository.php(28): PDO->prepare('SELECT * FROM m...')
#1 C:\xampp\htdocs\sistema_parque_vehicular\app\Repositories\MantenimientoRepository.php(211): App\Repositories\BaseRepository->fetchOne('SELECT * FROM m...', Array)
#2 C:\xampp\htdocs\sistema_parque_vehicular\app\Repositories\MantenimientoRepository.php(206): App\Repositories\MantenimientoRepository->getUltimoPorServicio(1, 'afinacion')
#3 C:\xampp\htdocs\sistema_parque_vehicular\app\Services\AlertaService.php(165): App\Repositories\MantenimientoRepository->getUltimoPreventivo(1, 'afinacion')
#4 C:\xampp\htdocs\sistema_parque_vehicular\app\Services\AlertaService.php(29): App\Services\AlertaService->generarAlertasKm('afinacion', 'Afinaci\xC3\xB3n pend...')
#5 C:\xampp\htdocs\sistema_parque_vehicular\app\Services\AlertaService.php(38): App\Services\AlertaService->runDailyCron()
#6 C:\xampp\htdocs\sistema_parque_vehicular\app\Services\AlertaService.php(61): App\Services\AlertaService->sincronizar()
#7 C:\xampp\htdocs\sistema_parque_vehicular\app\Controllers\AlertaController.php(21): App\Services\AlertaService->paginate(1, true)
#8 C:\xampp\htdocs\sistema_parque_vehicular\app\Core\Router.php(93): App\Controllers\AlertaController->index(Object(App\Core\Request))
#9 C:\xampp\htdocs\sistema_parque_vehicular\app\Core\Router.php(67): App\Core\Router->invokeHandler(Array, Array, Object(App\Core\Request))
#10 C:\xampp\htdocs\sistema_parque_vehicular\app\Middlewares\PermissionMiddleware.php(24): App\Core\Router->App\Core\{closure}()
#11 C:\xampp\htdocs\sistema_parque_vehicular\app\Core\Router.php(85): App\Middlewares\PermissionMiddleware->handle(Object(App\Core\Request), Object(Closure))
#12 C:\xampp\htdocs\sistema_parque_vehicular\app\Core\Router.php(66): App\Core\Router->runMiddleware(Object(App\Middlewares\PermissionMiddleware), Object(App\Core\Request), Object(Closure))
#13 C:\xampp\htdocs\sistema_parque_vehicular\app\Middlewares\AuthMiddleware.php(18): App\Core\Router->App\Core\{closure}()
#14 C:\xampp\htdocs\sistema_parque_vehicular\app\Core\Router.php(85): App\Middlewares\AuthMiddleware->handle(Object(App\Core\Request), Object(Closure))
#15 C:\xampp\htdocs\sistema_parque_vehicular\app\Core\Router.php(66): App\Core\Router->runMiddleware(Object(App\Middlewares\AuthMiddleware), Object(App\Core\Request), Object(Closure))
#16 C:\xampp\htdocs\sistema_parque_vehicular\app\Core\Router.php(70): App\Core\Router->App\Core\{closure}()
#17 C:\xampp\htdocs\sistema_parque_vehicular\app\Core\Application.php(36): App\Core\Router->dispatch(Object(App\Core\Request))
#18 C:\xampp\htdocs\sistema_parque_vehicular\public\index.php(13): App\Core\Application->run()
#19 {main}
---
[2026-06-24 09:27:42] PDOException: SQLSTATE[42S22]: Column not found: 1054 Unknown column 'servicio' in 'where clause' | GET /sistema_parque_vehicular/public/alertas | user:1
#0 C:\xampp\htdocs\sistema_parque_vehicular\app\Repositories\BaseRepository.php(28): PDO->prepare('SELECT * FROM m...')
#1 C:\xampp\htdocs\sistema_parque_vehicular\app\Repositories\MantenimientoRepository.php(211): App\Repositories\BaseRepository->fetchOne('SELECT * FROM m...', Array)
#2 C:\xampp\htdocs\sistema_parque_vehicular\app\Repositories\MantenimientoRepository.php(206): App\Repositories\MantenimientoRepository->getUltimoPorServicio(1, 'afinacion')
#3 C:\xampp\htdocs\sistema_parque_vehicular\app\Services\AlertaService.php(185): App\Repositories\MantenimientoRepository->getUltimoPreventivo(1, 'afinacion')
#4 C:\xampp\htdocs\sistema_parque_vehicular\app\Services\AlertaService.php(29): App\Services\AlertaService->generarAlertasKm('afinacion', 'Afinaci\xC3\xB3n pend...')
#5 C:\xampp\htdocs\sistema_parque_vehicular\app\Services\AlertaService.php(38): App\Services\AlertaService->runDailyCron()
#6 C:\xampp\htdocs\sistema_parque_vehicular\app\Services\AlertaService.php(61): App\Services\AlertaService->sincronizar()
#7 C:\xampp\htdocs\sistema_parque_vehicular\app\Controllers\AlertaController.php(21): App\Services\AlertaService->paginate(1, true)
#8 C:\xampp\htdocs\sistema_parque_vehicular\app\Core\Router.php(93): App\Controllers\AlertaController->index(Object(App\Core\Request))
#9 C:\xampp\htdocs\sistema_parque_vehicular\app\Core\Router.php(67): App\Core\Router->invokeHandler(Array, Array, Object(App\Core\Request))
#10 C:\xampp\htdocs\sistema_parque_vehicular\app\Middlewares\PermissionMiddleware.php(24): App\Core\Router->App\Core\{closure}()
#11 C:\xampp\htdocs\sistema_parque_vehicular\app\Core\Router.php(85): App\Middlewares\PermissionMiddleware->handle(Object(App\Core\Request), Object(Closure))
#12 C:\xampp\htdocs\sistema_parque_vehicular\app\Core\Router.php(66): App\Core\Router->runMiddleware(Object(App\Middlewares\PermissionMiddleware), Object(App\Core\Request), Object(Closure))
#13 C:\xampp\htdocs\sistema_parque_vehicular\app\Middlewares\AuthMiddleware.php(18): App\Core\Router->App\Core\{closure}()
#14 C:\xampp\htdocs\sistema_parque_vehicular\app\Core\Router.php(85): App\Middlewares\AuthMiddleware->handle(Object(App\Core\Request), Object(Closure))
#15 C:\xampp\htdocs\sistema_parque_vehicular\app\Core\Router.php(66): App\Core\Router->runMiddleware(Object(App\Middlewares\AuthMiddleware), Object(App\Core\Request), Object(Closure))
#16 C:\xampp\htdocs\sistema_parque_vehicular\app\Core\Router.php(70): App\Core\Router->App\Core\{closure}()
#17 C:\xampp\htdocs\sistema_parque_vehicular\app\Core\Application.php(36): App\Core\Router->dispatch(Object(App\Core\Request))
#18 C:\xampp\htdocs\sistema_parque_vehicular\public\index.php(13): App\Core\Application->run()
#19 {main}
---
[2026-06-24 09:27:42] PDOException: SQLSTATE[42S22]: Column not found: 1054 Unknown column 'servicio' in 'where clause' | GET /sistema_parque_vehicular/public/alertas | user:1
#0 C:\xampp\htdocs\sistema_parque_vehicular\app\Repositories\BaseRepository.php(28): PDO->prepare('SELECT * FROM m...')
#1 C:\xampp\htdocs\sistema_parque_vehicular\app\Repositories\MantenimientoRepository.php(211): App\Repositories\BaseRepository->fetchOne('SELECT * FROM m...', Array)
#2 C:\xampp\htdocs\sistema_parque_vehicular\app\Repositories\MantenimientoRepository.php(206): App\Repositories\MantenimientoRepository->getUltimoPorServicio(1, 'afinacion')
#3 C:\xampp\htdocs\sistema_parque_vehicular\app\Services\AlertaService.php(185): App\Repositories\MantenimientoRepository->getUltimoPreventivo(1, 'afinacion')
#4 C:\xampp\htdocs\sistema_parque_vehicular\app\Services\AlertaService.php(29): App\Services\AlertaService->generarAlertasKm('afinacion', 'Afinaci\xC3\xB3n pend...')
#5 C:\xampp\htdocs\sistema_parque_vehicular\app\Services\AlertaService.php(38): App\Services\AlertaService->runDailyCron()
#6 C:\xampp\htdocs\sistema_parque_vehicular\app\Services\AlertaService.php(61): App\Services\AlertaService->sincronizar()
#7 C:\xampp\htdocs\sistema_parque_vehicular\app\Controllers\AlertaController.php(21): App\Services\AlertaService->paginate(1, true)
#8 C:\xampp\htdocs\sistema_parque_vehicular\app\Core\Router.php(93): App\Controllers\AlertaController->index(Object(App\Core\Request))
#9 C:\xampp\htdocs\sistema_parque_vehicular\app\Core\Router.php(67): App\Core\Router->invokeHandler(Array, Array, Object(App\Core\Request))
#10 C:\xampp\htdocs\sistema_parque_vehicular\app\Middlewares\PermissionMiddleware.php(24): App\Core\Router->App\Core\{closure}()
#11 C:\xampp\htdocs\sistema_parque_vehicular\app\Core\Router.php(85): App\Middlewares\PermissionMiddleware->handle(Object(App\Core\Request), Object(Closure))
#12 C:\xampp\htdocs\sistema_parque_vehicular\app\Core\Router.php(66): App\Core\Router->runMiddleware(Object(App\Middlewares\PermissionMiddleware), Object(App\Core\Request), Object(Closure))
#13 C:\xampp\htdocs\sistema_parque_vehicular\app\Middlewares\AuthMiddleware.php(18): App\Core\Router->App\Core\{closure}()
#14 C:\xampp\htdocs\sistema_parque_vehicular\app\Core\Router.php(85): App\Middlewares\AuthMiddleware->handle(Object(App\Core\Request), Object(Closure))
#15 C:\xampp\htdocs\sistema_parque_vehicular\app\Core\Router.php(66): App\Core\Router->runMiddleware(Object(App\Middlewares\AuthMiddleware), Object(App\Core\Request), Object(Closure))
#16 C:\xampp\htdocs\sistema_parque_vehicular\app\Core\Router.php(70): App\Core\Router->App\Core\{closure}()
#17 C:\xampp\htdocs\sistema_parque_vehicular\app\Core\Application.php(36): App\Core\Router->dispatch(Object(App\Core\Request))
#18 C:\xampp\htdocs\sistema_parque_vehicular\public\index.php(13): App\Core\Application->run()
#19 {main}
---
[2026-06-24 09:27:43] PDOException: SQLSTATE[42S22]: Column not found: 1054 Unknown column 'servicio' in 'where clause' | GET /sistema_parque_vehicular/public/alertas | user:1
#0 C:\xampp\htdocs\sistema_parque_vehicular\app\Repositories\BaseRepository.php(28): PDO->prepare('SELECT * FROM m...')
#1 C:\xampp\htdocs\sistema_parque_vehicular\app\Repositories\MantenimientoRepository.php(211): App\Repositories\BaseRepository->fetchOne('SELECT * FROM m...', Array)
#2 C:\xampp\htdocs\sistema_parque_vehicular\app\Repositories\MantenimientoRepository.php(206): App\Repositories\MantenimientoRepository->getUltimoPorServicio(1, 'afinacion')
#3 C:\xampp\htdocs\sistema_parque_vehicular\app\Services\AlertaService.php(185): App\Repositories\MantenimientoRepository->getUltimoPreventivo(1, 'afinacion')
#4 C:\xampp\htdocs\sistema_parque_vehicular\app\Services\AlertaService.php(29): App\Services\AlertaService->generarAlertasKm('afinacion', 'Afinaci\xC3\xB3n pend...')
#5 C:\xampp\htdocs\sistema_parque_vehicular\app\Services\AlertaService.php(38): App\Services\AlertaService->runDailyCron()
#6 C:\xampp\htdocs\sistema_parque_vehicular\app\Services\AlertaService.php(61): App\Services\AlertaService->sincronizar()
#7 C:\xampp\htdocs\sistema_parque_vehicular\app\Controllers\AlertaController.php(21): App\Services\AlertaService->paginate(1, true)
#8 C:\xampp\htdocs\sistema_parque_vehicular\app\Core\Router.php(93): App\Controllers\AlertaController->index(Object(App\Core\Request))
#9 C:\xampp\htdocs\sistema_parque_vehicular\app\Core\Router.php(67): App\Core\Router->invokeHandler(Array, Array, Object(App\Core\Request))
#10 C:\xampp\htdocs\sistema_parque_vehicular\app\Middlewares\PermissionMiddleware.php(24): App\Core\Router->App\Core\{closure}()
#11 C:\xampp\htdocs\sistema_parque_vehicular\app\Core\Router.php(85): App\Middlewares\PermissionMiddleware->handle(Object(App\Core\Request), Object(Closure))
#12 C:\xampp\htdocs\sistema_parque_vehicular\app\Core\Router.php(66): App\Core\Router->runMiddleware(Object(App\Middlewares\PermissionMiddleware), Object(App\Core\Request), Object(Closure))
#13 C:\xampp\htdocs\sistema_parque_vehicular\app\Middlewares\AuthMiddleware.php(18): App\Core\Router->App\Core\{closure}()
#14 C:\xampp\htdocs\sistema_parque_vehicular\app\Core\Router.php(85): App\Middlewares\AuthMiddleware->handle(Object(App\Core\Request), Object(Closure))
#15 C:\xampp\htdocs\sistema_parque_vehicular\app\Core\Router.php(66): App\Core\Router->runMiddleware(Object(App\Middlewares\AuthMiddleware), Object(App\Core\Request), Object(Closure))
#16 C:\xampp\htdocs\sistema_parque_vehicular\app\Core\Router.php(70): App\Core\Router->App\Core\{closure}()
#17 C:\xampp\htdocs\sistema_parque_vehicular\app\Core\Application.php(36): App\Core\Router->dispatch(Object(App\Core\Request))
#18 C:\xampp\htdocs\sistema_parque_vehicular\public\index.php(13): App\Core\Application->run()
#19 {main}
---
[2026-06-24 09:27:43] PDOException: SQLSTATE[42S22]: Column not found: 1054 Unknown column 'servicio' in 'where clause' | GET /sistema_parque_vehicular/public/alertas | user:1
#0 C:\xampp\htdocs\sistema_parque_vehicular\app\Repositories\BaseRepository.php(28): PDO->prepare('SELECT * FROM m...')
#1 C:\xampp\htdocs\sistema_parque_vehicular\app\Repositories\MantenimientoRepository.php(211): App\Repositories\BaseRepository->fetchOne('SELECT * FROM m...', Array)
#2 C:\xampp\htdocs\sistema_parque_vehicular\app\Repositories\MantenimientoRepository.php(206): App\Repositories\MantenimientoRepository->getUltimoPorServicio(1, 'afinacion')
#3 C:\xampp\htdocs\sistema_parque_vehicular\app\Services\AlertaService.php(185): App\Repositories\MantenimientoRepository->getUltimoPreventivo(1, 'afinacion')
#4 C:\xampp\htdocs\sistema_parque_vehicular\app\Services\AlertaService.php(29): App\Services\AlertaService->generarAlertasKm('afinacion', 'Afinaci\xC3\xB3n pend...')
#5 C:\xampp\htdocs\sistema_parque_vehicular\app\Services\AlertaService.php(38): App\Services\AlertaService->runDailyCron()
#6 C:\xampp\htdocs\sistema_parque_vehicular\app\Services\AlertaService.php(61): App\Services\AlertaService->sincronizar()
#7 C:\xampp\htdocs\sistema_parque_vehicular\app\Controllers\AlertaController.php(21): App\Services\AlertaService->paginate(1, true)
#8 C:\xampp\htdocs\sistema_parque_vehicular\app\Core\Router.php(93): App\Controllers\AlertaController->index(Object(App\Core\Request))
#9 C:\xampp\htdocs\sistema_parque_vehicular\app\Core\Router.php(67): App\Core\Router->invokeHandler(Array, Array, Object(App\Core\Request))
#10 C:\xampp\htdocs\sistema_parque_vehicular\app\Middlewares\PermissionMiddleware.php(24): App\Core\Router->App\Core\{closure}()
#11 C:\xampp\htdocs\sistema_parque_vehicular\app\Core\Router.php(85): App\Middlewares\PermissionMiddleware->handle(Object(App\Core\Request), Object(Closure))
#12 C:\xampp\htdocs\sistema_parque_vehicular\app\Core\Router.php(66): App\Core\Router->runMiddleware(Object(App\Middlewares\PermissionMiddleware), Object(App\Core\Request), Object(Closure))
#13 C:\xampp\htdocs\sistema_parque_vehicular\app\Middlewares\AuthMiddleware.php(18): App\Core\Router->App\Core\{closure}()
#14 C:\xampp\htdocs\sistema_parque_vehicular\app\Core\Router.php(85): App\Middlewares\AuthMiddleware->handle(Object(App\Core\Request), Object(Closure))
#15 C:\xampp\htdocs\sistema_parque_vehicular\app\Core\Router.php(66): App\Core\Router->runMiddleware(Object(App\Middlewares\AuthMiddleware), Object(App\Core\Request), Object(Closure))
#16 C:\xampp\htdocs\sistema_parque_vehicular\app\Core\Router.php(70): App\Core\Router->App\Core\{closure}()
#17 C:\xampp\htdocs\sistema_parque_vehicular\app\Core\Application.php(36): App\Core\Router->dispatch(Object(App\Core\Request))
#18 C:\xampp\htdocs\sistema_parque_vehicular\public\index.php(13): App\Core\Application->run()
#19 {main}
---
[2026-06-24 09:27:43] PDOException: SQLSTATE[42S22]: Column not found: 1054 Unknown column 'servicio' in 'where clause' | GET /sistema_parque_vehicular/public/alertas | user:1
#0 C:\xampp\htdocs\sistema_parque_vehicular\app\Repositories\BaseRepository.php(28): PDO->prepare('SELECT * FROM m...')
#1 C:\xampp\htdocs\sistema_parque_vehicular\app\Repositories\MantenimientoRepository.php(211): App\Repositories\BaseRepository->fetchOne('SELECT * FROM m...', Array)
#2 C:\xampp\htdocs\sistema_parque_vehicular\app\Repositories\MantenimientoRepository.php(206): App\Repositories\MantenimientoRepository->getUltimoPorServicio(1, 'afinacion')
#3 C:\xampp\htdocs\sistema_parque_vehicular\app\Services\AlertaService.php(185): App\Repositories\MantenimientoRepository->getUltimoPreventivo(1, 'afinacion')
#4 C:\xampp\htdocs\sistema_parque_vehicular\app\Services\AlertaService.php(29): App\Services\AlertaService->generarAlertasKm('afinacion', 'Afinaci\xC3\xB3n pend...')
#5 C:\xampp\htdocs\sistema_parque_vehicular\app\Services\AlertaService.php(38): App\Services\AlertaService->runDailyCron()
#6 C:\xampp\htdocs\sistema_parque_vehicular\app\Services\AlertaService.php(61): App\Services\AlertaService->sincronizar()
#7 C:\xampp\htdocs\sistema_parque_vehicular\app\Controllers\AlertaController.php(21): App\Services\AlertaService->paginate(1, true)
#8 C:\xampp\htdocs\sistema_parque_vehicular\app\Core\Router.php(93): App\Controllers\AlertaController->index(Object(App\Core\Request))
#9 C:\xampp\htdocs\sistema_parque_vehicular\app\Core\Router.php(67): App\Core\Router->invokeHandler(Array, Array, Object(App\Core\Request))
#10 C:\xampp\htdocs\sistema_parque_vehicular\app\Middlewares\PermissionMiddleware.php(24): App\Core\Router->App\Core\{closure}()
#11 C:\xampp\htdocs\sistema_parque_vehicular\app\Core\Router.php(85): App\Middlewares\PermissionMiddleware->handle(Object(App\Core\Request), Object(Closure))
#12 C:\xampp\htdocs\sistema_parque_vehicular\app\Core\Router.php(66): App\Core\Router->runMiddleware(Object(App\Middlewares\PermissionMiddleware), Object(App\Core\Request), Object(Closure))
#13 C:\xampp\htdocs\sistema_parque_vehicular\app\Middlewares\AuthMiddleware.php(18): App\Core\Router->App\Core\{closure}()
#14 C:\xampp\htdocs\sistema_parque_vehicular\app\Core\Router.php(85): App\Middlewares\AuthMiddleware->handle(Object(App\Core\Request), Object(Closure))
#15 C:\xampp\htdocs\sistema_parque_vehicular\app\Core\Router.php(66): App\Core\Router->runMiddleware(Object(App\Middlewares\AuthMiddleware), Object(App\Core\Request), Object(Closure))
#16 C:\xampp\htdocs\sistema_parque_vehicular\app\Core\Router.php(70): App\Core\Router->App\Core\{closure}()
#17 C:\xampp\htdocs\sistema_parque_vehicular\app\Core\Application.php(36): App\Core\Router->dispatch(Object(App\Core\Request))
#18 C:\xampp\htdocs\sistema_parque_vehicular\public\index.php(13): App\Core\Application->run()
#19 {main}
---
[2026-06-24 09:35:02] Error: Call to undefined method App\Services\AlertaService::enriquecerFila() | GET /sistema_parque_vehicular/public/alertas | user:1
#0 [internal function]: App\Services\AlertaService->App\Services\{closure}(Array)
#1 C:\xampp\htdocs\sistema_parque_vehicular\app\Services\AlertaService.php(66): array_map(Object(Closure), Array)
#2 C:\xampp\htdocs\sistema_parque_vehicular\app\Controllers\AlertaController.php(21): App\Services\AlertaService->paginate(1, true)
#3 C:\xampp\htdocs\sistema_parque_vehicular\app\Core\Router.php(93): App\Controllers\AlertaController->index(Object(App\Core\Request))
#4 C:\xampp\htdocs\sistema_parque_vehicular\app\Core\Router.php(67): App\Core\Router->invokeHandler(Array, Array, Object(App\Core\Request))
#5 C:\xampp\htdocs\sistema_parque_vehicular\app\Middlewares\PermissionMiddleware.php(24): App\Core\Router->App\Core\{closure}()
#6 C:\xampp\htdocs\sistema_parque_vehicular\app\Core\Router.php(85): App\Middlewares\PermissionMiddleware->handle(Object(App\Core\Request), Object(Closure))
#7 C:\xampp\htdocs\sistema_parque_vehicular\app\Core\Router.php(66): App\Core\Router->runMiddleware(Object(App\Middlewares\PermissionMiddleware), Object(App\Core\Request), Object(Closure))
#8 C:\xampp\htdocs\sistema_parque_vehicular\app\Middlewares\AuthMiddleware.php(18): App\Core\Router->App\Core\{closure}()
#9 C:\xampp\htdocs\sistema_parque_vehicular\app\Core\Router.php(85): App\Middlewares\AuthMiddleware->handle(Object(App\Core\Request), Object(Closure))
#10 C:\xampp\htdocs\sistema_parque_vehicular\app\Core\Router.php(66): App\Core\Router->runMiddleware(Object(App\Middlewares\AuthMiddleware), Object(App\Core\Request), Object(Closure))
#11 C:\xampp\htdocs\sistema_parque_vehicular\app\Core\Router.php(70): App\Core\Router->App\Core\{closure}()
#12 C:\xampp\htdocs\sistema_parque_vehicular\app\Core\Application.php(36): App\Core\Router->dispatch(Object(App\Core\Request))
#13 C:\xampp\htdocs\sistema_parque_vehicular\public\index.php(13): App\Core\Application->run()
#14 {main}
---
[2026-06-24 09:35:03] Error: Call to undefined function App\Services\alerta_mantenimiento_fechas() | GET /sistema_parque_vehicular/public/alertas | user:1
#0 C:\xampp\htdocs\sistema_parque_vehicular\app\Services\AlertaService.php(199): App\Services\AlertaService->buildMensajeMantenimiento('KIA BLANCO', 'Afinaci\xC3\xB3n', 14469, 0, '14469 km desde ...', NULL, Array)
#1 C:\xampp\htdocs\sistema_parque_vehicular\app\Services\AlertaService.php(29): App\Services\AlertaService->generarAlertasKm('afinacion', 'Afinaci\xC3\xB3n pend...')
#2 C:\xampp\htdocs\sistema_parque_vehicular\app\Services\AlertaService.php(38): App\Services\AlertaService->runDailyCron()
#3 C:\xampp\htdocs\sistema_parque_vehicular\app\Services\AlertaService.php(61): App\Services\AlertaService->sincronizar()
#4 C:\xampp\htdocs\sistema_parque_vehicular\app\Controllers\AlertaController.php(21): App\Services\AlertaService->paginate(1, true)
#5 C:\xampp\htdocs\sistema_parque_vehicular\app\Core\Router.php(93): App\Controllers\AlertaController->index(Object(App\Core\Request))
#6 C:\xampp\htdocs\sistema_parque_vehicular\app\Core\Router.php(67): App\Core\Router->invokeHandler(Array, Array, Object(App\Core\Request))
#7 C:\xampp\htdocs\sistema_parque_vehicular\app\Middlewares\PermissionMiddleware.php(24): App\Core\Router->App\Core\{closure}()
#8 C:\xampp\htdocs\sistema_parque_vehicular\app\Core\Router.php(85): App\Middlewares\PermissionMiddleware->handle(Object(App\Core\Request), Object(Closure))
#9 C:\xampp\htdocs\sistema_parque_vehicular\app\Core\Router.php(66): App\Core\Router->runMiddleware(Object(App\Middlewares\PermissionMiddleware), Object(App\Core\Request), Object(Closure))
#10 C:\xampp\htdocs\sistema_parque_vehicular\app\Middlewares\AuthMiddleware.php(18): App\Core\Router->App\Core\{closure}()
#11 C:\xampp\htdocs\sistema_parque_vehicular\app\Core\Router.php(85): App\Middlewares\AuthMiddleware->handle(Object(App\Core\Request), Object(Closure))
#12 C:\xampp\htdocs\sistema_parque_vehicular\app\Core\Router.php(66): App\Core\Router->runMiddleware(Object(App\Middlewares\AuthMiddleware), Object(App\Core\Request), Object(Closure))
#13 C:\xampp\htdocs\sistema_parque_vehicular\app\Core\Router.php(70): App\Core\Router->App\Core\{closure}()
#14 C:\xampp\htdocs\sistema_parque_vehicular\app\Core\Application.php(36): App\Core\Router->dispatch(Object(App\Core\Request))
#15 C:\xampp\htdocs\sistema_parque_vehicular\public\index.php(13): App\Core\Application->run()
#16 {main}
---
[2026-06-24 09:35:03] Error: Call to undefined function App\Services\alerta_mantenimiento_fechas() | GET /sistema_parque_vehicular/public/alertas | user:1
#0 C:\xampp\htdocs\sistema_parque_vehicular\app\Services\AlertaService.php(199): App\Services\AlertaService->buildMensajeMantenimiento('KIA BLANCO', 'Afinaci\xC3\xB3n', 14469, 0, '14469 km desde ...', NULL, Array)
#1 C:\xampp\htdocs\sistema_parque_vehicular\app\Services\AlertaService.php(29): App\Services\AlertaService->generarAlertasKm('afinacion', 'Afinaci\xC3\xB3n pend...')
#2 C:\xampp\htdocs\sistema_parque_vehicular\app\Services\AlertaService.php(38): App\Services\AlertaService->runDailyCron()
#3 C:\xampp\htdocs\sistema_parque_vehicular\app\Services\AlertaService.php(61): App\Services\AlertaService->sincronizar()
#4 C:\xampp\htdocs\sistema_parque_vehicular\app\Controllers\AlertaController.php(21): App\Services\AlertaService->paginate(1, true)
#5 C:\xampp\htdocs\sistema_parque_vehicular\app\Core\Router.php(93): App\Controllers\AlertaController->index(Object(App\Core\Request))
#6 C:\xampp\htdocs\sistema_parque_vehicular\app\Core\Router.php(67): App\Core\Router->invokeHandler(Array, Array, Object(App\Core\Request))
#7 C:\xampp\htdocs\sistema_parque_vehicular\app\Middlewares\PermissionMiddleware.php(24): App\Core\Router->App\Core\{closure}()
#8 C:\xampp\htdocs\sistema_parque_vehicular\app\Core\Router.php(85): App\Middlewares\PermissionMiddleware->handle(Object(App\Core\Request), Object(Closure))
#9 C:\xampp\htdocs\sistema_parque_vehicular\app\Core\Router.php(66): App\Core\Router->runMiddleware(Object(App\Middlewares\PermissionMiddleware), Object(App\Core\Request), Object(Closure))
#10 C:\xampp\htdocs\sistema_parque_vehicular\app\Middlewares\AuthMiddleware.php(18): App\Core\Router->App\Core\{closure}()
#11 C:\xampp\htdocs\sistema_parque_vehicular\app\Core\Router.php(85): App\Middlewares\AuthMiddleware->handle(Object(App\Core\Request), Object(Closure))
#12 C:\xampp\htdocs\sistema_parque_vehicular\app\Core\Router.php(66): App\Core\Router->runMiddleware(Object(App\Middlewares\AuthMiddleware), Object(App\Core\Request), Object(Closure))
#13 C:\xampp\htdocs\sistema_parque_vehicular\app\Core\Router.php(70): App\Core\Router->App\Core\{closure}()
#14 C:\xampp\htdocs\sistema_parque_vehicular\app\Core\Application.php(36): App\Core\Router->dispatch(Object(App\Core\Request))
#15 C:\xampp\htdocs\sistema_parque_vehicular\public\index.php(13): App\Core\Application->run()
#16 {main}
---
[2026-06-24 09:35:04] Error: Call to undefined function App\Services\alerta_mantenimiento_fechas() | GET /sistema_parque_vehicular/public/alertas | user:1
#0 C:\xampp\htdocs\sistema_parque_vehicular\app\Services\AlertaService.php(199): App\Services\AlertaService->buildMensajeMantenimiento('KIA BLANCO', 'Afinaci\xC3\xB3n', 14469, 0, '14469 km desde ...', NULL, Array)
#1 C:\xampp\htdocs\sistema_parque_vehicular\app\Services\AlertaService.php(29): App\Services\AlertaService->generarAlertasKm('afinacion', 'Afinaci\xC3\xB3n pend...')
#2 C:\xampp\htdocs\sistema_parque_vehicular\app\Services\AlertaService.php(38): App\Services\AlertaService->runDailyCron()
#3 C:\xampp\htdocs\sistema_parque_vehicular\app\Services\AlertaService.php(61): App\Services\AlertaService->sincronizar()
#4 C:\xampp\htdocs\sistema_parque_vehicular\app\Controllers\AlertaController.php(21): App\Services\AlertaService->paginate(1, true)
#5 C:\xampp\htdocs\sistema_parque_vehicular\app\Core\Router.php(93): App\Controllers\AlertaController->index(Object(App\Core\Request))
#6 C:\xampp\htdocs\sistema_parque_vehicular\app\Core\Router.php(67): App\Core\Router->invokeHandler(Array, Array, Object(App\Core\Request))
#7 C:\xampp\htdocs\sistema_parque_vehicular\app\Middlewares\PermissionMiddleware.php(24): App\Core\Router->App\Core\{closure}()
#8 C:\xampp\htdocs\sistema_parque_vehicular\app\Core\Router.php(85): App\Middlewares\PermissionMiddleware->handle(Object(App\Core\Request), Object(Closure))
#9 C:\xampp\htdocs\sistema_parque_vehicular\app\Core\Router.php(66): App\Core\Router->runMiddleware(Object(App\Middlewares\PermissionMiddleware), Object(App\Core\Request), Object(Closure))
#10 C:\xampp\htdocs\sistema_parque_vehicular\app\Middlewares\AuthMiddleware.php(18): App\Core\Router->App\Core\{closure}()
#11 C:\xampp\htdocs\sistema_parque_vehicular\app\Core\Router.php(85): App\Middlewares\AuthMiddleware->handle(Object(App\Core\Request), Object(Closure))
#12 C:\xampp\htdocs\sistema_parque_vehicular\app\Core\Router.php(66): App\Core\Router->runMiddleware(Object(App\Middlewares\AuthMiddleware), Object(App\Core\Request), Object(Closure))
#13 C:\xampp\htdocs\sistema_parque_vehicular\app\Core\Router.php(70): App\Core\Router->App\Core\{closure}()
#14 C:\xampp\htdocs\sistema_parque_vehicular\app\Core\Application.php(36): App\Core\Router->dispatch(Object(App\Core\Request))
#15 C:\xampp\htdocs\sistema_parque_vehicular\public\index.php(13): App\Core\Application->run()
#16 {main}
---
[2026-06-24 09:35:04] Error: Call to undefined function App\Services\alerta_mantenimiento_fechas() | GET /sistema_parque_vehicular/public/alertas | user:1
#0 C:\xampp\htdocs\sistema_parque_vehicular\app\Services\AlertaService.php(199): App\Services\AlertaService->buildMensajeMantenimiento('KIA BLANCO', 'Afinaci\xC3\xB3n', 14469, 0, '14469 km desde ...', NULL, Array)
#1 C:\xampp\htdocs\sistema_parque_vehicular\app\Services\AlertaService.php(29): App\Services\AlertaService->generarAlertasKm('afinacion', 'Afinaci\xC3\xB3n pend...')
#2 C:\xampp\htdocs\sistema_parque_vehicular\app\Services\AlertaService.php(38): App\Services\AlertaService->runDailyCron()
#3 C:\xampp\htdocs\sistema_parque_vehicular\app\Services\AlertaService.php(61): App\Services\AlertaService->sincronizar()
#4 C:\xampp\htdocs\sistema_parque_vehicular\app\Controllers\AlertaController.php(21): App\Services\AlertaService->paginate(1, true)
#5 C:\xampp\htdocs\sistema_parque_vehicular\app\Core\Router.php(93): App\Controllers\AlertaController->index(Object(App\Core\Request))
#6 C:\xampp\htdocs\sistema_parque_vehicular\app\Core\Router.php(67): App\Core\Router->invokeHandler(Array, Array, Object(App\Core\Request))
#7 C:\xampp\htdocs\sistema_parque_vehicular\app\Middlewares\PermissionMiddleware.php(24): App\Core\Router->App\Core\{closure}()
#8 C:\xampp\htdocs\sistema_parque_vehicular\app\Core\Router.php(85): App\Middlewares\PermissionMiddleware->handle(Object(App\Core\Request), Object(Closure))
#9 C:\xampp\htdocs\sistema_parque_vehicular\app\Core\Router.php(66): App\Core\Router->runMiddleware(Object(App\Middlewares\PermissionMiddleware), Object(App\Core\Request), Object(Closure))
#10 C:\xampp\htdocs\sistema_parque_vehicular\app\Middlewares\AuthMiddleware.php(18): App\Core\Router->App\Core\{closure}()
#11 C:\xampp\htdocs\sistema_parque_vehicular\app\Core\Router.php(85): App\Middlewares\AuthMiddleware->handle(Object(App\Core\Request), Object(Closure))
#12 C:\xampp\htdocs\sistema_parque_vehicular\app\Core\Router.php(66): App\Core\Router->runMiddleware(Object(App\Middlewares\AuthMiddleware), Object(App\Core\Request), Object(Closure))
#13 C:\xampp\htdocs\sistema_parque_vehicular\app\Core\Router.php(70): App\Core\Router->App\Core\{closure}()
#14 C:\xampp\htdocs\sistema_parque_vehicular\app\Core\Application.php(36): App\Core\Router->dispatch(Object(App\Core\Request))
#15 C:\xampp\htdocs\sistema_parque_vehicular\public\index.php(13): App\Core\Application->run()
#16 {main}
---
[2026-06-24 09:35:04] Error: Call to undefined function App\Services\alerta_mantenimiento_fechas() | GET /sistema_parque_vehicular/public/alertas | user:1
#0 C:\xampp\htdocs\sistema_parque_vehicular\app\Services\AlertaService.php(199): App\Services\AlertaService->buildMensajeMantenimiento('KIA BLANCO', 'Afinaci\xC3\xB3n', 14469, 0, '14469 km desde ...', NULL, Array)
#1 C:\xampp\htdocs\sistema_parque_vehicular\app\Services\AlertaService.php(29): App\Services\AlertaService->generarAlertasKm('afinacion', 'Afinaci\xC3\xB3n pend...')
#2 C:\xampp\htdocs\sistema_parque_vehicular\app\Services\AlertaService.php(38): App\Services\AlertaService->runDailyCron()
#3 C:\xampp\htdocs\sistema_parque_vehicular\app\Services\AlertaService.php(61): App\Services\AlertaService->sincronizar()
#4 C:\xampp\htdocs\sistema_parque_vehicular\app\Controllers\AlertaController.php(21): App\Services\AlertaService->paginate(1, true)
#5 C:\xampp\htdocs\sistema_parque_vehicular\app\Core\Router.php(93): App\Controllers\AlertaController->index(Object(App\Core\Request))
#6 C:\xampp\htdocs\sistema_parque_vehicular\app\Core\Router.php(67): App\Core\Router->invokeHandler(Array, Array, Object(App\Core\Request))
#7 C:\xampp\htdocs\sistema_parque_vehicular\app\Middlewares\PermissionMiddleware.php(24): App\Core\Router->App\Core\{closure}()
#8 C:\xampp\htdocs\sistema_parque_vehicular\app\Core\Router.php(85): App\Middlewares\PermissionMiddleware->handle(Object(App\Core\Request), Object(Closure))
#9 C:\xampp\htdocs\sistema_parque_vehicular\app\Core\Router.php(66): App\Core\Router->runMiddleware(Object(App\Middlewares\PermissionMiddleware), Object(App\Core\Request), Object(Closure))
#10 C:\xampp\htdocs\sistema_parque_vehicular\app\Middlewares\AuthMiddleware.php(18): App\Core\Router->App\Core\{closure}()
#11 C:\xampp\htdocs\sistema_parque_vehicular\app\Core\Router.php(85): App\Middlewares\AuthMiddleware->handle(Object(App\Core\Request), Object(Closure))
#12 C:\xampp\htdocs\sistema_parque_vehicular\app\Core\Router.php(66): App\Core\Router->runMiddleware(Object(App\Middlewares\AuthMiddleware), Object(App\Core\Request), Object(Closure))
#13 C:\xampp\htdocs\sistema_parque_vehicular\app\Core\Router.php(70): App\Core\Router->App\Core\{closure}()
#14 C:\xampp\htdocs\sistema_parque_vehicular\app\Core\Application.php(36): App\Core\Router->dispatch(Object(App\Core\Request))
#15 C:\xampp\htdocs\sistema_parque_vehicular\public\index.php(13): App\Core\Application->run()
#16 {main}
---
[2026-06-24 09:38:49] ArgumentCountError: Too few arguments to function App\Services\AlertaService::buildMensajeMantenimiento(), 2 passed in C:\xampp\htdocs\sistema_parque_vehicular\app\Services\AlertaService.php on line 205 and at least 5 expected | GET /sistema_parque_vehicular/public/alertas | user:1
#0 C:\xampp\htdocs\sistema_parque_vehicular\app\Services\AlertaService.php(205): App\Services\AlertaService->buildMensajeMantenimiento('Afinaci\xC3\xB3n', '14469 km desde ...')
#1 C:\xampp\htdocs\sistema_parque_vehicular\app\Services\AlertaService.php(29): App\Services\AlertaService->generarAlertasKm('afinacion', 'Afinaci\xC3\xB3n pend...')
#2 C:\xampp\htdocs\sistema_parque_vehicular\app\Services\AlertaService.php(38): App\Services\AlertaService->runDailyCron()
#3 C:\xampp\htdocs\sistema_parque_vehicular\app\Services\AlertaService.php(61): App\Services\AlertaService->sincronizar()
#4 C:\xampp\htdocs\sistema_parque_vehicular\app\Controllers\AlertaController.php(21): App\Services\AlertaService->paginate(1, true)
#5 C:\xampp\htdocs\sistema_parque_vehicular\app\Core\Router.php(93): App\Controllers\AlertaController->index(Object(App\Core\Request))
#6 C:\xampp\htdocs\sistema_parque_vehicular\app\Core\Router.php(67): App\Core\Router->invokeHandler(Array, Array, Object(App\Core\Request))
#7 C:\xampp\htdocs\sistema_parque_vehicular\app\Middlewares\PermissionMiddleware.php(24): App\Core\Router->App\Core\{closure}()
#8 C:\xampp\htdocs\sistema_parque_vehicular\app\Core\Router.php(85): App\Middlewares\PermissionMiddleware->handle(Object(App\Core\Request), Object(Closure))
#9 C:\xampp\htdocs\sistema_parque_vehicular\app\Core\Router.php(66): App\Core\Router->runMiddleware(Object(App\Middlewares\PermissionMiddleware), Object(App\Core\Request), Object(Closure))
#10 C:\xampp\htdocs\sistema_parque_vehicular\app\Middlewares\AuthMiddleware.php(18): App\Core\Router->App\Core\{closure}()
#11 C:\xampp\htdocs\sistema_parque_vehicular\app\Core\Router.php(85): App\Middlewares\AuthMiddleware->handle(Object(App\Core\Request), Object(Closure))
#12 C:\xampp\htdocs\sistema_parque_vehicular\app\Core\Router.php(66): App\Core\Router->runMiddleware(Object(App\Middlewares\AuthMiddleware), Object(App\Core\Request), Object(Closure))
#13 C:\xampp\htdocs\sistema_parque_vehicular\app\Core\Router.php(70): App\Core\Router->App\Core\{closure}()
#14 C:\xampp\htdocs\sistema_parque_vehicular\app\Core\Application.php(36): App\Core\Router->dispatch(Object(App\Core\Request))
#15 C:\xampp\htdocs\sistema_parque_vehicular\public\index.php(13): App\Core\Application->run()
#16 {main}
---
[2026-06-24 09:38:50] ArgumentCountError: Too few arguments to function App\Services\AlertaService::buildMensajeMantenimiento(), 2 passed in C:\xampp\htdocs\sistema_parque_vehicular\app\Services\AlertaService.php on line 205 and at least 5 expected | GET /sistema_parque_vehicular/public/alertas | user:1
#0 C:\xampp\htdocs\sistema_parque_vehicular\app\Services\AlertaService.php(205): App\Services\AlertaService->buildMensajeMantenimiento('Afinaci\xC3\xB3n', '14469 km desde ...')
#1 C:\xampp\htdocs\sistema_parque_vehicular\app\Services\AlertaService.php(29): App\Services\AlertaService->generarAlertasKm('afinacion', 'Afinaci\xC3\xB3n pend...')
#2 C:\xampp\htdocs\sistema_parque_vehicular\app\Services\AlertaService.php(38): App\Services\AlertaService->runDailyCron()
#3 C:\xampp\htdocs\sistema_parque_vehicular\app\Services\AlertaService.php(61): App\Services\AlertaService->sincronizar()
#4 C:\xampp\htdocs\sistema_parque_vehicular\app\Controllers\AlertaController.php(21): App\Services\AlertaService->paginate(1, true)
#5 C:\xampp\htdocs\sistema_parque_vehicular\app\Core\Router.php(93): App\Controllers\AlertaController->index(Object(App\Core\Request))
#6 C:\xampp\htdocs\sistema_parque_vehicular\app\Core\Router.php(67): App\Core\Router->invokeHandler(Array, Array, Object(App\Core\Request))
#7 C:\xampp\htdocs\sistema_parque_vehicular\app\Middlewares\PermissionMiddleware.php(24): App\Core\Router->App\Core\{closure}()
#8 C:\xampp\htdocs\sistema_parque_vehicular\app\Core\Router.php(85): App\Middlewares\PermissionMiddleware->handle(Object(App\Core\Request), Object(Closure))
#9 C:\xampp\htdocs\sistema_parque_vehicular\app\Core\Router.php(66): App\Core\Router->runMiddleware(Object(App\Middlewares\PermissionMiddleware), Object(App\Core\Request), Object(Closure))
#10 C:\xampp\htdocs\sistema_parque_vehicular\app\Middlewares\AuthMiddleware.php(18): App\Core\Router->App\Core\{closure}()
#11 C:\xampp\htdocs\sistema_parque_vehicular\app\Core\Router.php(85): App\Middlewares\AuthMiddleware->handle(Object(App\Core\Request), Object(Closure))
#12 C:\xampp\htdocs\sistema_parque_vehicular\app\Core\Router.php(66): App\Core\Router->runMiddleware(Object(App\Middlewares\AuthMiddleware), Object(App\Core\Request), Object(Closure))
#13 C:\xampp\htdocs\sistema_parque_vehicular\app\Core\Router.php(70): App\Core\Router->App\Core\{closure}()
#14 C:\xampp\htdocs\sistema_parque_vehicular\app\Core\Application.php(36): App\Core\Router->dispatch(Object(App\Core\Request))
#15 C:\xampp\htdocs\sistema_parque_vehicular\public\index.php(13): App\Core\Application->run()
#16 {main}
---
[2026-06-24 09:38:50] ArgumentCountError: Too few arguments to function App\Services\AlertaService::buildMensajeMantenimiento(), 2 passed in C:\xampp\htdocs\sistema_parque_vehicular\app\Services\AlertaService.php on line 205 and at least 5 expected | GET /sistema_parque_vehicular/public/alertas | user:1
#0 C:\xampp\htdocs\sistema_parque_vehicular\app\Services\AlertaService.php(205): App\Services\AlertaService->buildMensajeMantenimiento('Afinaci\xC3\xB3n', '14469 km desde ...')
#1 C:\xampp\htdocs\sistema_parque_vehicular\app\Services\AlertaService.php(29): App\Services\AlertaService->generarAlertasKm('afinacion', 'Afinaci\xC3\xB3n pend...')
#2 C:\xampp\htdocs\sistema_parque_vehicular\app\Services\AlertaService.php(38): App\Services\AlertaService->runDailyCron()
#3 C:\xampp\htdocs\sistema_parque_vehicular\app\Services\AlertaService.php(61): App\Services\AlertaService->sincronizar()
#4 C:\xampp\htdocs\sistema_parque_vehicular\app\Controllers\AlertaController.php(21): App\Services\AlertaService->paginate(1, true)
#5 C:\xampp\htdocs\sistema_parque_vehicular\app\Core\Router.php(93): App\Controllers\AlertaController->index(Object(App\Core\Request))
#6 C:\xampp\htdocs\sistema_parque_vehicular\app\Core\Router.php(67): App\Core\Router->invokeHandler(Array, Array, Object(App\Core\Request))
#7 C:\xampp\htdocs\sistema_parque_vehicular\app\Middlewares\PermissionMiddleware.php(24): App\Core\Router->App\Core\{closure}()
#8 C:\xampp\htdocs\sistema_parque_vehicular\app\Core\Router.php(85): App\Middlewares\PermissionMiddleware->handle(Object(App\Core\Request), Object(Closure))
#9 C:\xampp\htdocs\sistema_parque_vehicular\app\Core\Router.php(66): App\Core\Router->runMiddleware(Object(App\Middlewares\PermissionMiddleware), Object(App\Core\Request), Object(Closure))
#10 C:\xampp\htdocs\sistema_parque_vehicular\app\Middlewares\AuthMiddleware.php(18): App\Core\Router->App\Core\{closure}()
#11 C:\xampp\htdocs\sistema_parque_vehicular\app\Core\Router.php(85): App\Middlewares\AuthMiddleware->handle(Object(App\Core\Request), Object(Closure))
#12 C:\xampp\htdocs\sistema_parque_vehicular\app\Core\Router.php(66): App\Core\Router->runMiddleware(Object(App\Middlewares\AuthMiddleware), Object(App\Core\Request), Object(Closure))
#13 C:\xampp\htdocs\sistema_parque_vehicular\app\Core\Router.php(70): App\Core\Router->App\Core\{closure}()
#14 C:\xampp\htdocs\sistema_parque_vehicular\app\Core\Application.php(36): App\Core\Router->dispatch(Object(App\Core\Request))
#15 C:\xampp\htdocs\sistema_parque_vehicular\public\index.php(13): App\Core\Application->run()
#16 {main}
---
[2026-06-24 09:38:50] ArgumentCountError: Too few arguments to function App\Services\AlertaService::buildMensajeMantenimiento(), 2 passed in C:\xampp\htdocs\sistema_parque_vehicular\app\Services\AlertaService.php on line 205 and at least 5 expected | GET /sistema_parque_vehicular/public/alertas | user:1
#0 C:\xampp\htdocs\sistema_parque_vehicular\app\Services\AlertaService.php(205): App\Services\AlertaService->buildMensajeMantenimiento('Afinaci\xC3\xB3n', '14469 km desde ...')
#1 C:\xampp\htdocs\sistema_parque_vehicular\app\Services\AlertaService.php(29): App\Services\AlertaService->generarAlertasKm('afinacion', 'Afinaci\xC3\xB3n pend...')
#2 C:\xampp\htdocs\sistema_parque_vehicular\app\Services\AlertaService.php(38): App\Services\AlertaService->runDailyCron()
#3 C:\xampp\htdocs\sistema_parque_vehicular\app\Services\AlertaService.php(61): App\Services\AlertaService->sincronizar()
#4 C:\xampp\htdocs\sistema_parque_vehicular\app\Controllers\AlertaController.php(21): App\Services\AlertaService->paginate(1, true)
#5 C:\xampp\htdocs\sistema_parque_vehicular\app\Core\Router.php(93): App\Controllers\AlertaController->index(Object(App\Core\Request))
#6 C:\xampp\htdocs\sistema_parque_vehicular\app\Core\Router.php(67): App\Core\Router->invokeHandler(Array, Array, Object(App\Core\Request))
#7 C:\xampp\htdocs\sistema_parque_vehicular\app\Middlewares\PermissionMiddleware.php(24): App\Core\Router->App\Core\{closure}()
#8 C:\xampp\htdocs\sistema_parque_vehicular\app\Core\Router.php(85): App\Middlewares\PermissionMiddleware->handle(Object(App\Core\Request), Object(Closure))
#9 C:\xampp\htdocs\sistema_parque_vehicular\app\Core\Router.php(66): App\Core\Router->runMiddleware(Object(App\Middlewares\PermissionMiddleware), Object(App\Core\Request), Object(Closure))
#10 C:\xampp\htdocs\sistema_parque_vehicular\app\Middlewares\AuthMiddleware.php(18): App\Core\Router->App\Core\{closure}()
#11 C:\xampp\htdocs\sistema_parque_vehicular\app\Core\Router.php(85): App\Middlewares\AuthMiddleware->handle(Object(App\Core\Request), Object(Closure))
#12 C:\xampp\htdocs\sistema_parque_vehicular\app\Core\Router.php(66): App\Core\Router->runMiddleware(Object(App\Middlewares\AuthMiddleware), Object(App\Core\Request), Object(Closure))
#13 C:\xampp\htdocs\sistema_parque_vehicular\app\Core\Router.php(70): App\Core\Router->App\Core\{closure}()
#14 C:\xampp\htdocs\sistema_parque_vehicular\app\Core\Application.php(36): App\Core\Router->dispatch(Object(App\Core\Request))
#15 C:\xampp\htdocs\sistema_parque_vehicular\public\index.php(13): App\Core\Application->run()
#16 {main}
---
[2026-06-24 09:38:51] ArgumentCountError: Too few arguments to function App\Services\AlertaService::buildMensajeMantenimiento(), 2 passed in C:\xampp\htdocs\sistema_parque_vehicular\app\Services\AlertaService.php on line 205 and at least 5 expected | GET /sistema_parque_vehicular/public/alertas | user:1
#0 C:\xampp\htdocs\sistema_parque_vehicular\app\Services\AlertaService.php(205): App\Services\AlertaService->buildMensajeMantenimiento('Afinaci\xC3\xB3n', '14469 km desde ...')
#1 C:\xampp\htdocs\sistema_parque_vehicular\app\Services\AlertaService.php(29): App\Services\AlertaService->generarAlertasKm('afinacion', 'Afinaci\xC3\xB3n pend...')
#2 C:\xampp\htdocs\sistema_parque_vehicular\app\Services\AlertaService.php(38): App\Services\AlertaService->runDailyCron()
#3 C:\xampp\htdocs\sistema_parque_vehicular\app\Services\AlertaService.php(61): App\Services\AlertaService->sincronizar()
#4 C:\xampp\htdocs\sistema_parque_vehicular\app\Controllers\AlertaController.php(21): App\Services\AlertaService->paginate(1, true)
#5 C:\xampp\htdocs\sistema_parque_vehicular\app\Core\Router.php(93): App\Controllers\AlertaController->index(Object(App\Core\Request))
#6 C:\xampp\htdocs\sistema_parque_vehicular\app\Core\Router.php(67): App\Core\Router->invokeHandler(Array, Array, Object(App\Core\Request))
#7 C:\xampp\htdocs\sistema_parque_vehicular\app\Middlewares\PermissionMiddleware.php(24): App\Core\Router->App\Core\{closure}()
#8 C:\xampp\htdocs\sistema_parque_vehicular\app\Core\Router.php(85): App\Middlewares\PermissionMiddleware->handle(Object(App\Core\Request), Object(Closure))
#9 C:\xampp\htdocs\sistema_parque_vehicular\app\Core\Router.php(66): App\Core\Router->runMiddleware(Object(App\Middlewares\PermissionMiddleware), Object(App\Core\Request), Object(Closure))
#10 C:\xampp\htdocs\sistema_parque_vehicular\app\Middlewares\AuthMiddleware.php(18): App\Core\Router->App\Core\{closure}()
#11 C:\xampp\htdocs\sistema_parque_vehicular\app\Core\Router.php(85): App\Middlewares\AuthMiddleware->handle(Object(App\Core\Request), Object(Closure))
#12 C:\xampp\htdocs\sistema_parque_vehicular\app\Core\Router.php(66): App\Core\Router->runMiddleware(Object(App\Middlewares\AuthMiddleware), Object(App\Core\Request), Object(Closure))
#13 C:\xampp\htdocs\sistema_parque_vehicular\app\Core\Router.php(70): App\Core\Router->App\Core\{closure}()
#14 C:\xampp\htdocs\sistema_parque_vehicular\app\Core\Application.php(36): App\Core\Router->dispatch(Object(App\Core\Request))
#15 C:\xampp\htdocs\sistema_parque_vehicular\public\index.php(13): App\Core\Application->run()
#16 {main}
---
[2026-06-24 09:38:51] ArgumentCountError: Too few arguments to function App\Services\AlertaService::buildMensajeMantenimiento(), 2 passed in C:\xampp\htdocs\sistema_parque_vehicular\app\Services\AlertaService.php on line 205 and at least 5 expected | GET /sistema_parque_vehicular/public/alertas | user:1
#0 C:\xampp\htdocs\sistema_parque_vehicular\app\Services\AlertaService.php(205): App\Services\AlertaService->buildMensajeMantenimiento('Afinaci\xC3\xB3n', '14469 km desde ...')
#1 C:\xampp\htdocs\sistema_parque_vehicular\app\Services\AlertaService.php(29): App\Services\AlertaService->generarAlertasKm('afinacion', 'Afinaci\xC3\xB3n pend...')
#2 C:\xampp\htdocs\sistema_parque_vehicular\app\Services\AlertaService.php(38): App\Services\AlertaService->runDailyCron()
#3 C:\xampp\htdocs\sistema_parque_vehicular\app\Services\AlertaService.php(61): App\Services\AlertaService->sincronizar()
#4 C:\xampp\htdocs\sistema_parque_vehicular\app\Controllers\AlertaController.php(21): App\Services\AlertaService->paginate(1, true)
#5 C:\xampp\htdocs\sistema_parque_vehicular\app\Core\Router.php(93): App\Controllers\AlertaController->index(Object(App\Core\Request))
#6 C:\xampp\htdocs\sistema_parque_vehicular\app\Core\Router.php(67): App\Core\Router->invokeHandler(Array, Array, Object(App\Core\Request))
#7 C:\xampp\htdocs\sistema_parque_vehicular\app\Middlewares\PermissionMiddleware.php(24): App\Core\Router->App\Core\{closure}()
#8 C:\xampp\htdocs\sistema_parque_vehicular\app\Core\Router.php(85): App\Middlewares\PermissionMiddleware->handle(Object(App\Core\Request), Object(Closure))
#9 C:\xampp\htdocs\sistema_parque_vehicular\app\Core\Router.php(66): App\Core\Router->runMiddleware(Object(App\Middlewares\PermissionMiddleware), Object(App\Core\Request), Object(Closure))
#10 C:\xampp\htdocs\sistema_parque_vehicular\app\Middlewares\AuthMiddleware.php(18): App\Core\Router->App\Core\{closure}()
#11 C:\xampp\htdocs\sistema_parque_vehicular\app\Core\Router.php(85): App\Middlewares\AuthMiddleware->handle(Object(App\Core\Request), Object(Closure))
#12 C:\xampp\htdocs\sistema_parque_vehicular\app\Core\Router.php(66): App\Core\Router->runMiddleware(Object(App\Middlewares\AuthMiddleware), Object(App\Core\Request), Object(Closure))
#13 C:\xampp\htdocs\sistema_parque_vehicular\app\Core\Router.php(70): App\Core\Router->App\Core\{closure}()
#14 C:\xampp\htdocs\sistema_parque_vehicular\app\Core\Application.php(36): App\Core\Router->dispatch(Object(App\Core\Request))
#15 C:\xampp\htdocs\sistema_parque_vehicular\public\index.php(13): App\Core\Application->run()
#16 {main}
---
[2026-06-24 09:38:51] ArgumentCountError: Too few arguments to function App\Services\AlertaService::buildMensajeMantenimiento(), 2 passed in C:\xampp\htdocs\sistema_parque_vehicular\app\Services\AlertaService.php on line 205 and at least 5 expected | GET /sistema_parque_vehicular/public/alertas | user:1
#0 C:\xampp\htdocs\sistema_parque_vehicular\app\Services\AlertaService.php(205): App\Services\AlertaService->buildMensajeMantenimiento('Afinaci\xC3\xB3n', '14469 km desde ...')
#1 C:\xampp\htdocs\sistema_parque_vehicular\app\Services\AlertaService.php(29): App\Services\AlertaService->generarAlertasKm('afinacion', 'Afinaci\xC3\xB3n pend...')
#2 C:\xampp\htdocs\sistema_parque_vehicular\app\Services\AlertaService.php(38): App\Services\AlertaService->runDailyCron()
#3 C:\xampp\htdocs\sistema_parque_vehicular\app\Services\AlertaService.php(61): App\Services\AlertaService->sincronizar()
#4 C:\xampp\htdocs\sistema_parque_vehicular\app\Controllers\AlertaController.php(21): App\Services\AlertaService->paginate(1, true)
#5 C:\xampp\htdocs\sistema_parque_vehicular\app\Core\Router.php(93): App\Controllers\AlertaController->index(Object(App\Core\Request))
#6 C:\xampp\htdocs\sistema_parque_vehicular\app\Core\Router.php(67): App\Core\Router->invokeHandler(Array, Array, Object(App\Core\Request))
#7 C:\xampp\htdocs\sistema_parque_vehicular\app\Middlewares\PermissionMiddleware.php(24): App\Core\Router->App\Core\{closure}()
#8 C:\xampp\htdocs\sistema_parque_vehicular\app\Core\Router.php(85): App\Middlewares\PermissionMiddleware->handle(Object(App\Core\Request), Object(Closure))
#9 C:\xampp\htdocs\sistema_parque_vehicular\app\Core\Router.php(66): App\Core\Router->runMiddleware(Object(App\Middlewares\PermissionMiddleware), Object(App\Core\Request), Object(Closure))
#10 C:\xampp\htdocs\sistema_parque_vehicular\app\Middlewares\AuthMiddleware.php(18): App\Core\Router->App\Core\{closure}()
#11 C:\xampp\htdocs\sistema_parque_vehicular\app\Core\Router.php(85): App\Middlewares\AuthMiddleware->handle(Object(App\Core\Request), Object(Closure))
#12 C:\xampp\htdocs\sistema_parque_vehicular\app\Core\Router.php(66): App\Core\Router->runMiddleware(Object(App\Middlewares\AuthMiddleware), Object(App\Core\Request), Object(Closure))
#13 C:\xampp\htdocs\sistema_parque_vehicular\app\Core\Router.php(70): App\Core\Router->App\Core\{closure}()
#14 C:\xampp\htdocs\sistema_parque_vehicular\app\Core\Application.php(36): App\Core\Router->dispatch(Object(App\Core\Request))
#15 C:\xampp\htdocs\sistema_parque_vehicular\public\index.php(13): App\Core\Application->run()
#16 {main}
---
[2026-06-24 09:38:51] ArgumentCountError: Too few arguments to function App\Services\AlertaService::buildMensajeMantenimiento(), 2 passed in C:\xampp\htdocs\sistema_parque_vehicular\app\Services\AlertaService.php on line 205 and at least 5 expected | GET /sistema_parque_vehicular/public/alertas | user:1
#0 C:\xampp\htdocs\sistema_parque_vehicular\app\Services\AlertaService.php(205): App\Services\AlertaService->buildMensajeMantenimiento('Afinaci\xC3\xB3n', '14469 km desde ...')
#1 C:\xampp\htdocs\sistema_parque_vehicular\app\Services\AlertaService.php(29): App\Services\AlertaService->generarAlertasKm('afinacion', 'Afinaci\xC3\xB3n pend...')
#2 C:\xampp\htdocs\sistema_parque_vehicular\app\Services\AlertaService.php(38): App\Services\AlertaService->runDailyCron()
#3 C:\xampp\htdocs\sistema_parque_vehicular\app\Services\AlertaService.php(61): App\Services\AlertaService->sincronizar()
#4 C:\xampp\htdocs\sistema_parque_vehicular\app\Controllers\AlertaController.php(21): App\Services\AlertaService->paginate(1, true)
#5 C:\xampp\htdocs\sistema_parque_vehicular\app\Core\Router.php(93): App\Controllers\AlertaController->index(Object(App\Core\Request))
#6 C:\xampp\htdocs\sistema_parque_vehicular\app\Core\Router.php(67): App\Core\Router->invokeHandler(Array, Array, Object(App\Core\Request))
#7 C:\xampp\htdocs\sistema_parque_vehicular\app\Middlewares\PermissionMiddleware.php(24): App\Core\Router->App\Core\{closure}()
#8 C:\xampp\htdocs\sistema_parque_vehicular\app\Core\Router.php(85): App\Middlewares\PermissionMiddleware->handle(Object(App\Core\Request), Object(Closure))
#9 C:\xampp\htdocs\sistema_parque_vehicular\app\Core\Router.php(66): App\Core\Router->runMiddleware(Object(App\Middlewares\PermissionMiddleware), Object(App\Core\Request), Object(Closure))
#10 C:\xampp\htdocs\sistema_parque_vehicular\app\Middlewares\AuthMiddleware.php(18): App\Core\Router->App\Core\{closure}()
#11 C:\xampp\htdocs\sistema_parque_vehicular\app\Core\Router.php(85): App\Middlewares\AuthMiddleware->handle(Object(App\Core\Request), Object(Closure))
#12 C:\xampp\htdocs\sistema_parque_vehicular\app\Core\Router.php(66): App\Core\Router->runMiddleware(Object(App\Middlewares\AuthMiddleware), Object(App\Core\Request), Object(Closure))
#13 C:\xampp\htdocs\sistema_parque_vehicular\app\Core\Router.php(70): App\Core\Router->App\Core\{closure}()
#14 C:\xampp\htdocs\sistema_parque_vehicular\app\Core\Application.php(36): App\Core\Router->dispatch(Object(App\Core\Request))
#15 C:\xampp\htdocs\sistema_parque_vehicular\public\index.php(13): App\Core\Application->run()
#16 {main}
---
[2026-06-24 09:38:51] ArgumentCountError: Too few arguments to function App\Services\AlertaService::buildMensajeMantenimiento(), 2 passed in C:\xampp\htdocs\sistema_parque_vehicular\app\Services\AlertaService.php on line 205 and at least 5 expected | GET /sistema_parque_vehicular/public/alertas | user:1
#0 C:\xampp\htdocs\sistema_parque_vehicular\app\Services\AlertaService.php(205): App\Services\AlertaService->buildMensajeMantenimiento('Afinaci\xC3\xB3n', '14,469 km sin r...')
#1 C:\xampp\htdocs\sistema_parque_vehicular\app\Services\AlertaService.php(29): App\Services\AlertaService->generarAlertasKm('afinacion', 'Afinaci\xC3\xB3n pend...')
#2 C:\xampp\htdocs\sistema_parque_vehicular\app\Services\AlertaService.php(38): App\Services\AlertaService->runDailyCron()
#3 C:\xampp\htdocs\sistema_parque_vehicular\app\Services\AlertaService.php(61): App\Services\AlertaService->sincronizar()
#4 C:\xampp\htdocs\sistema_parque_vehicular\app\Controllers\AlertaController.php(21): App\Services\AlertaService->paginate(1, true)
#5 C:\xampp\htdocs\sistema_parque_vehicular\app\Core\Router.php(93): App\Controllers\AlertaController->index(Object(App\Core\Request))
#6 C:\xampp\htdocs\sistema_parque_vehicular\app\Core\Router.php(67): App\Core\Router->invokeHandler(Array, Array, Object(App\Core\Request))
#7 C:\xampp\htdocs\sistema_parque_vehicular\app\Middlewares\PermissionMiddleware.php(24): App\Core\Router->App\Core\{closure}()
#8 C:\xampp\htdocs\sistema_parque_vehicular\app\Core\Router.php(85): App\Middlewares\PermissionMiddleware->handle(Object(App\Core\Request), Object(Closure))
#9 C:\xampp\htdocs\sistema_parque_vehicular\app\Core\Router.php(66): App\Core\Router->runMiddleware(Object(App\Middlewares\PermissionMiddleware), Object(App\Core\Request), Object(Closure))
#10 C:\xampp\htdocs\sistema_parque_vehicular\app\Middlewares\AuthMiddleware.php(18): App\Core\Router->App\Core\{closure}()
#11 C:\xampp\htdocs\sistema_parque_vehicular\app\Core\Router.php(85): App\Middlewares\AuthMiddleware->handle(Object(App\Core\Request), Object(Closure))
#12 C:\xampp\htdocs\sistema_parque_vehicular\app\Core\Router.php(66): App\Core\Router->runMiddleware(Object(App\Middlewares\AuthMiddleware), Object(App\Core\Request), Object(Closure))
#13 C:\xampp\htdocs\sistema_parque_vehicular\app\Core\Router.php(70): App\Core\Router->App\Core\{closure}()
#14 C:\xampp\htdocs\sistema_parque_vehicular\app\Core\Application.php(36): App\Core\Router->dispatch(Object(App\Core\Request))
#15 C:\xampp\htdocs\sistema_parque_vehicular\public\index.php(13): App\Core\Application->run()
#16 {main}
---
[2026-06-24 09:38:52] ArgumentCountError: Too few arguments to function App\Services\AlertaService::buildMensajeMantenimiento(), 2 passed in C:\xampp\htdocs\sistema_parque_vehicular\app\Services\AlertaService.php on line 205 and at least 5 expected | GET /sistema_parque_vehicular/public/alertas | user:1
#0 C:\xampp\htdocs\sistema_parque_vehicular\app\Services\AlertaService.php(205): App\Services\AlertaService->buildMensajeMantenimiento('Afinaci\xC3\xB3n', '14,469 km sin r...')
#1 C:\xampp\htdocs\sistema_parque_vehicular\app\Services\AlertaService.php(29): App\Services\AlertaService->generarAlertasKm('afinacion', 'Afinaci\xC3\xB3n pend...')
#2 C:\xampp\htdocs\sistema_parque_vehicular\app\Services\AlertaService.php(38): App\Services\AlertaService->runDailyCron()
#3 C:\xampp\htdocs\sistema_parque_vehicular\app\Services\AlertaService.php(61): App\Services\AlertaService->sincronizar()
#4 C:\xampp\htdocs\sistema_parque_vehicular\app\Controllers\AlertaController.php(21): App\Services\AlertaService->paginate(1, true)
#5 C:\xampp\htdocs\sistema_parque_vehicular\app\Core\Router.php(93): App\Controllers\AlertaController->index(Object(App\Core\Request))
#6 C:\xampp\htdocs\sistema_parque_vehicular\app\Core\Router.php(67): App\Core\Router->invokeHandler(Array, Array, Object(App\Core\Request))
#7 C:\xampp\htdocs\sistema_parque_vehicular\app\Middlewares\PermissionMiddleware.php(24): App\Core\Router->App\Core\{closure}()
#8 C:\xampp\htdocs\sistema_parque_vehicular\app\Core\Router.php(85): App\Middlewares\PermissionMiddleware->handle(Object(App\Core\Request), Object(Closure))
#9 C:\xampp\htdocs\sistema_parque_vehicular\app\Core\Router.php(66): App\Core\Router->runMiddleware(Object(App\Middlewares\PermissionMiddleware), Object(App\Core\Request), Object(Closure))
#10 C:\xampp\htdocs\sistema_parque_vehicular\app\Middlewares\AuthMiddleware.php(18): App\Core\Router->App\Core\{closure}()
#11 C:\xampp\htdocs\sistema_parque_vehicular\app\Core\Router.php(85): App\Middlewares\AuthMiddleware->handle(Object(App\Core\Request), Object(Closure))
#12 C:\xampp\htdocs\sistema_parque_vehicular\app\Core\Router.php(66): App\Core\Router->runMiddleware(Object(App\Middlewares\AuthMiddleware), Object(App\Core\Request), Object(Closure))
#13 C:\xampp\htdocs\sistema_parque_vehicular\app\Core\Router.php(70): App\Core\Router->App\Core\{closure}()
#14 C:\xampp\htdocs\sistema_parque_vehicular\app\Core\Application.php(36): App\Core\Router->dispatch(Object(App\Core\Request))
#15 C:\xampp\htdocs\sistema_parque_vehicular\public\index.php(13): App\Core\Application->run()
#16 {main}
---
[2026-06-24 09:38:52] ArgumentCountError: Too few arguments to function App\Services\AlertaService::buildMensajeMantenimiento(), 2 passed in C:\xampp\htdocs\sistema_parque_vehicular\app\Services\AlertaService.php on line 205 and at least 5 expected | GET /sistema_parque_vehicular/public/alertas | user:1
#0 C:\xampp\htdocs\sistema_parque_vehicular\app\Services\AlertaService.php(205): App\Services\AlertaService->buildMensajeMantenimiento('Afinaci\xC3\xB3n', '14,469 km sin r...')
#1 C:\xampp\htdocs\sistema_parque_vehicular\app\Services\AlertaService.php(29): App\Services\AlertaService->generarAlertasKm('afinacion', 'Afinaci\xC3\xB3n pend...')
#2 C:\xampp\htdocs\sistema_parque_vehicular\app\Services\AlertaService.php(38): App\Services\AlertaService->runDailyCron()
#3 C:\xampp\htdocs\sistema_parque_vehicular\app\Services\AlertaService.php(61): App\Services\AlertaService->sincronizar()
#4 C:\xampp\htdocs\sistema_parque_vehicular\app\Controllers\AlertaController.php(21): App\Services\AlertaService->paginate(1, true)
#5 C:\xampp\htdocs\sistema_parque_vehicular\app\Core\Router.php(93): App\Controllers\AlertaController->index(Object(App\Core\Request))
#6 C:\xampp\htdocs\sistema_parque_vehicular\app\Core\Router.php(67): App\Core\Router->invokeHandler(Array, Array, Object(App\Core\Request))
#7 C:\xampp\htdocs\sistema_parque_vehicular\app\Middlewares\PermissionMiddleware.php(24): App\Core\Router->App\Core\{closure}()
#8 C:\xampp\htdocs\sistema_parque_vehicular\app\Core\Router.php(85): App\Middlewares\PermissionMiddleware->handle(Object(App\Core\Request), Object(Closure))
#9 C:\xampp\htdocs\sistema_parque_vehicular\app\Core\Router.php(66): App\Core\Router->runMiddleware(Object(App\Middlewares\PermissionMiddleware), Object(App\Core\Request), Object(Closure))
#10 C:\xampp\htdocs\sistema_parque_vehicular\app\Middlewares\AuthMiddleware.php(18): App\Core\Router->App\Core\{closure}()
#11 C:\xampp\htdocs\sistema_parque_vehicular\app\Core\Router.php(85): App\Middlewares\AuthMiddleware->handle(Object(App\Core\Request), Object(Closure))
#12 C:\xampp\htdocs\sistema_parque_vehicular\app\Core\Router.php(66): App\Core\Router->runMiddleware(Object(App\Middlewares\AuthMiddleware), Object(App\Core\Request), Object(Closure))
#13 C:\xampp\htdocs\sistema_parque_vehicular\app\Core\Router.php(70): App\Core\Router->App\Core\{closure}()
#14 C:\xampp\htdocs\sistema_parque_vehicular\app\Core\Application.php(36): App\Core\Router->dispatch(Object(App\Core\Request))
#15 C:\xampp\htdocs\sistema_parque_vehicular\public\index.php(13): App\Core\Application->run()
#16 {main}
---
[2026-06-24 09:38:52] ArgumentCountError: Too few arguments to function App\Services\AlertaService::buildMensajeMantenimiento(), 2 passed in C:\xampp\htdocs\sistema_parque_vehicular\app\Services\AlertaService.php on line 205 and at least 5 expected | GET /sistema_parque_vehicular/public/alertas | user:1
#0 C:\xampp\htdocs\sistema_parque_vehicular\app\Services\AlertaService.php(205): App\Services\AlertaService->buildMensajeMantenimiento('Afinaci\xC3\xB3n', '14,469 km sin r...')
#1 C:\xampp\htdocs\sistema_parque_vehicular\app\Services\AlertaService.php(29): App\Services\AlertaService->generarAlertasKm('afinacion', 'Afinaci\xC3\xB3n pend...')
#2 C:\xampp\htdocs\sistema_parque_vehicular\app\Services\AlertaService.php(38): App\Services\AlertaService->runDailyCron()
#3 C:\xampp\htdocs\sistema_parque_vehicular\app\Services\AlertaService.php(61): App\Services\AlertaService->sincronizar()
#4 C:\xampp\htdocs\sistema_parque_vehicular\app\Controllers\AlertaController.php(21): App\Services\AlertaService->paginate(1, true)
#5 C:\xampp\htdocs\sistema_parque_vehicular\app\Core\Router.php(93): App\Controllers\AlertaController->index(Object(App\Core\Request))
#6 C:\xampp\htdocs\sistema_parque_vehicular\app\Core\Router.php(67): App\Core\Router->invokeHandler(Array, Array, Object(App\Core\Request))
#7 C:\xampp\htdocs\sistema_parque_vehicular\app\Middlewares\PermissionMiddleware.php(24): App\Core\Router->App\Core\{closure}()
#8 C:\xampp\htdocs\sistema_parque_vehicular\app\Core\Router.php(85): App\Middlewares\PermissionMiddleware->handle(Object(App\Core\Request), Object(Closure))
#9 C:\xampp\htdocs\sistema_parque_vehicular\app\Core\Router.php(66): App\Core\Router->runMiddleware(Object(App\Middlewares\PermissionMiddleware), Object(App\Core\Request), Object(Closure))
#10 C:\xampp\htdocs\sistema_parque_vehicular\app\Middlewares\AuthMiddleware.php(18): App\Core\Router->App\Core\{closure}()
#11 C:\xampp\htdocs\sistema_parque_vehicular\app\Core\Router.php(85): App\Middlewares\AuthMiddleware->handle(Object(App\Core\Request), Object(Closure))
#12 C:\xampp\htdocs\sistema_parque_vehicular\app\Core\Router.php(66): App\Core\Router->runMiddleware(Object(App\Middlewares\AuthMiddleware), Object(App\Core\Request), Object(Closure))
#13 C:\xampp\htdocs\sistema_parque_vehicular\app\Core\Router.php(70): App\Core\Router->App\Core\{closure}()
#14 C:\xampp\htdocs\sistema_parque_vehicular\app\Core\Application.php(36): App\Core\Router->dispatch(Object(App\Core\Request))
#15 C:\xampp\htdocs\sistema_parque_vehicular\public\index.php(13): App\Core\Application->run()
#16 {main}
---
[2026-06-24 09:38:52] ArgumentCountError: Too few arguments to function App\Services\AlertaService::buildMensajeMantenimiento(), 2 passed in C:\xampp\htdocs\sistema_parque_vehicular\app\Services\AlertaService.php on line 205 and at least 5 expected | GET /sistema_parque_vehicular/public/alertas | user:1
#0 C:\xampp\htdocs\sistema_parque_vehicular\app\Services\AlertaService.php(205): App\Services\AlertaService->buildMensajeMantenimiento('Afinaci\xC3\xB3n', '14,469 km sin r...')
#1 C:\xampp\htdocs\sistema_parque_vehicular\app\Services\AlertaService.php(29): App\Services\AlertaService->generarAlertasKm('afinacion', 'Afinaci\xC3\xB3n pend...')
#2 C:\xampp\htdocs\sistema_parque_vehicular\app\Services\AlertaService.php(38): App\Services\AlertaService->runDailyCron()
#3 C:\xampp\htdocs\sistema_parque_vehicular\app\Services\AlertaService.php(61): App\Services\AlertaService->sincronizar()
#4 C:\xampp\htdocs\sistema_parque_vehicular\app\Controllers\AlertaController.php(21): App\Services\AlertaService->paginate(1, true)
#5 C:\xampp\htdocs\sistema_parque_vehicular\app\Core\Router.php(93): App\Controllers\AlertaController->index(Object(App\Core\Request))
#6 C:\xampp\htdocs\sistema_parque_vehicular\app\Core\Router.php(67): App\Core\Router->invokeHandler(Array, Array, Object(App\Core\Request))
#7 C:\xampp\htdocs\sistema_parque_vehicular\app\Middlewares\PermissionMiddleware.php(24): App\Core\Router->App\Core\{closure}()
#8 C:\xampp\htdocs\sistema_parque_vehicular\app\Core\Router.php(85): App\Middlewares\PermissionMiddleware->handle(Object(App\Core\Request), Object(Closure))
#9 C:\xampp\htdocs\sistema_parque_vehicular\app\Core\Router.php(66): App\Core\Router->runMiddleware(Object(App\Middlewares\PermissionMiddleware), Object(App\Core\Request), Object(Closure))
#10 C:\xampp\htdocs\sistema_parque_vehicular\app\Middlewares\AuthMiddleware.php(18): App\Core\Router->App\Core\{closure}()
#11 C:\xampp\htdocs\sistema_parque_vehicular\app\Core\Router.php(85): App\Middlewares\AuthMiddleware->handle(Object(App\Core\Request), Object(Closure))
#12 C:\xampp\htdocs\sistema_parque_vehicular\app\Core\Router.php(66): App\Core\Router->runMiddleware(Object(App\Middlewares\AuthMiddleware), Object(App\Core\Request), Object(Closure))
#13 C:\xampp\htdocs\sistema_parque_vehicular\app\Core\Router.php(70): App\Core\Router->App\Core\{closure}()
#14 C:\xampp\htdocs\sistema_parque_vehicular\app\Core\Application.php(36): App\Core\Router->dispatch(Object(App\Core\Request))
#15 C:\xampp\htdocs\sistema_parque_vehicular\public\index.php(13): App\Core\Application->run()
#16 {main}
---
[2026-06-24 09:38:53] ArgumentCountError: Too few arguments to function App\Services\AlertaService::buildMensajeMantenimiento(), 2 passed in C:\xampp\htdocs\sistema_parque_vehicular\app\Services\AlertaService.php on line 205 and at least 5 expected | GET /sistema_parque_vehicular/public/alertas | user:1
#0 C:\xampp\htdocs\sistema_parque_vehicular\app\Services\AlertaService.php(205): App\Services\AlertaService->buildMensajeMantenimiento('Afinaci\xC3\xB3n', '14,469 km sin r...')
#1 C:\xampp\htdocs\sistema_parque_vehicular\app\Services\AlertaService.php(29): App\Services\AlertaService->generarAlertasKm('afinacion', 'Afinaci\xC3\xB3n pend...')
#2 C:\xampp\htdocs\sistema_parque_vehicular\app\Services\AlertaService.php(38): App\Services\AlertaService->runDailyCron()
#3 C:\xampp\htdocs\sistema_parque_vehicular\app\Services\AlertaService.php(61): App\Services\AlertaService->sincronizar()
#4 C:\xampp\htdocs\sistema_parque_vehicular\app\Controllers\AlertaController.php(21): App\Services\AlertaService->paginate(1, true)
#5 C:\xampp\htdocs\sistema_parque_vehicular\app\Core\Router.php(93): App\Controllers\AlertaController->index(Object(App\Core\Request))
#6 C:\xampp\htdocs\sistema_parque_vehicular\app\Core\Router.php(67): App\Core\Router->invokeHandler(Array, Array, Object(App\Core\Request))
#7 C:\xampp\htdocs\sistema_parque_vehicular\app\Middlewares\PermissionMiddleware.php(24): App\Core\Router->App\Core\{closure}()
#8 C:\xampp\htdocs\sistema_parque_vehicular\app\Core\Router.php(85): App\Middlewares\PermissionMiddleware->handle(Object(App\Core\Request), Object(Closure))
#9 C:\xampp\htdocs\sistema_parque_vehicular\app\Core\Router.php(66): App\Core\Router->runMiddleware(Object(App\Middlewares\PermissionMiddleware), Object(App\Core\Request), Object(Closure))
#10 C:\xampp\htdocs\sistema_parque_vehicular\app\Middlewares\AuthMiddleware.php(18): App\Core\Router->App\Core\{closure}()
#11 C:\xampp\htdocs\sistema_parque_vehicular\app\Core\Router.php(85): App\Middlewares\AuthMiddleware->handle(Object(App\Core\Request), Object(Closure))
#12 C:\xampp\htdocs\sistema_parque_vehicular\app\Core\Router.php(66): App\Core\Router->runMiddleware(Object(App\Middlewares\AuthMiddleware), Object(App\Core\Request), Object(Closure))
#13 C:\xampp\htdocs\sistema_parque_vehicular\app\Core\Router.php(70): App\Core\Router->App\Core\{closure}()
#14 C:\xampp\htdocs\sistema_parque_vehicular\app\Core\Application.php(36): App\Core\Router->dispatch(Object(App\Core\Request))
#15 C:\xampp\htdocs\sistema_parque_vehicular\public\index.php(13): App\Core\Application->run()
#16 {main}
---
[2026-06-24 14:07:28] Error: Call to undefined function alerta_estado_mantenimiento() | GET /sistema_parque_vehicular/public/alertas | user:1
#0 C:\xampp\htdocs\sistema_parque_vehicular\app\Core\View.php(18): require()
#1 C:\xampp\htdocs\sistema_parque_vehicular\app\Core\View.php(32): App\Core\View::render('alertas.index', Array, 'layouts.app')
#2 C:\xampp\htdocs\sistema_parque_vehicular\app\Controllers\BaseController.php(14): App\Core\View::make('alertas.index', Array, 'layouts.app')
#3 C:\xampp\htdocs\sistema_parque_vehicular\app\Controllers\AlertaController.php(36): App\Controllers\BaseController->render('alertas.index', Array)
#4 C:\xampp\htdocs\sistema_parque_vehicular\app\Core\Router.php(93): App\Controllers\AlertaController->index(Object(App\Core\Request))
#5 C:\xampp\htdocs\sistema_parque_vehicular\app\Core\Router.php(67): App\Core\Router->invokeHandler(Array, Array, Object(App\Core\Request))
#6 C:\xampp\htdocs\sistema_parque_vehicular\app\Middlewares\PermissionMiddleware.php(24): App\Core\Router->App\Core\{closure}()
#7 C:\xampp\htdocs\sistema_parque_vehicular\app\Core\Router.php(85): App\Middlewares\PermissionMiddleware->handle(Object(App\Core\Request), Object(Closure))
#8 C:\xampp\htdocs\sistema_parque_vehicular\app\Core\Router.php(66): App\Core\Router->runMiddleware(Object(App\Middlewares\PermissionMiddleware), Object(App\Core\Request), Object(Closure))
#9 C:\xampp\htdocs\sistema_parque_vehicular\app\Middlewares\AuthMiddleware.php(18): App\Core\Router->App\Core\{closure}()
#10 C:\xampp\htdocs\sistema_parque_vehicular\app\Core\Router.php(85): App\Middlewares\AuthMiddleware->handle(Object(App\Core\Request), Object(Closure))
#11 C:\xampp\htdocs\sistema_parque_vehicular\app\Core\Router.php(66): App\Core\Router->runMiddleware(Object(App\Middlewares\AuthMiddleware), Object(App\Core\Request), Object(Closure))
#12 C:\xampp\htdocs\sistema_parque_vehicular\app\Core\Router.php(70): App\Core\Router->App\Core\{closure}()
#13 C:\xampp\htdocs\sistema_parque_vehicular\app\Core\Application.php(36): App\Core\Router->dispatch(Object(App\Core\Request))
#14 C:\xampp\htdocs\sistema_parque_vehicular\public\index.php(13): App\Core\Application->run()
#15 {main}
---
[2026-06-24 14:07:30] Error: Call to undefined function alerta_estado_mantenimiento() | GET /sistema_parque_vehicular/public/alertas | user:1
#0 C:\xampp\htdocs\sistema_parque_vehicular\app\Core\View.php(18): require()
#1 C:\xampp\htdocs\sistema_parque_vehicular\app\Core\View.php(32): App\Core\View::render('alertas.index', Array, 'layouts.app')
#2 C:\xampp\htdocs\sistema_parque_vehicular\app\Controllers\BaseController.php(14): App\Core\View::make('alertas.index', Array, 'layouts.app')
#3 C:\xampp\htdocs\sistema_parque_vehicular\app\Controllers\AlertaController.php(36): App\Controllers\BaseController->render('alertas.index', Array)
#4 C:\xampp\htdocs\sistema_parque_vehicular\app\Core\Router.php(93): App\Controllers\AlertaController->index(Object(App\Core\Request))
#5 C:\xampp\htdocs\sistema_parque_vehicular\app\Core\Router.php(67): App\Core\Router->invokeHandler(Array, Array, Object(App\Core\Request))
#6 C:\xampp\htdocs\sistema_parque_vehicular\app\Middlewares\PermissionMiddleware.php(24): App\Core\Router->App\Core\{closure}()
#7 C:\xampp\htdocs\sistema_parque_vehicular\app\Core\Router.php(85): App\Middlewares\PermissionMiddleware->handle(Object(App\Core\Request), Object(Closure))
#8 C:\xampp\htdocs\sistema_parque_vehicular\app\Core\Router.php(66): App\Core\Router->runMiddleware(Object(App\Middlewares\PermissionMiddleware), Object(App\Core\Request), Object(Closure))
#9 C:\xampp\htdocs\sistema_parque_vehicular\app\Middlewares\AuthMiddleware.php(18): App\Core\Router->App\Core\{closure}()
#10 C:\xampp\htdocs\sistema_parque_vehicular\app\Core\Router.php(85): App\Middlewares\AuthMiddleware->handle(Object(App\Core\Request), Object(Closure))
#11 C:\xampp\htdocs\sistema_parque_vehicular\app\Core\Router.php(66): App\Core\Router->runMiddleware(Object(App\Middlewares\AuthMiddleware), Object(App\Core\Request), Object(Closure))
#12 C:\xampp\htdocs\sistema_parque_vehicular\app\Core\Router.php(70): App\Core\Router->App\Core\{closure}()
#13 C:\xampp\htdocs\sistema_parque_vehicular\app\Core\Application.php(36): App\Core\Router->dispatch(Object(App\Core\Request))
#14 C:\xampp\htdocs\sistema_parque_vehicular\public\index.php(13): App\Core\Application->run()
#15 {main}
---
[2026-06-24 14:07:31] Error: Call to undefined function alerta_estado_mantenimiento() | GET /sistema_parque_vehicular/public/alertas | user:1
#0 C:\xampp\htdocs\sistema_parque_vehicular\app\Core\View.php(18): require()
#1 C:\xampp\htdocs\sistema_parque_vehicular\app\Core\View.php(32): App\Core\View::render('alertas.index', Array, 'layouts.app')
#2 C:\xampp\htdocs\sistema_parque_vehicular\app\Controllers\BaseController.php(14): App\Core\View::make('alertas.index', Array, 'layouts.app')
#3 C:\xampp\htdocs\sistema_parque_vehicular\app\Controllers\AlertaController.php(36): App\Controllers\BaseController->render('alertas.index', Array)
#4 C:\xampp\htdocs\sistema_parque_vehicular\app\Core\Router.php(93): App\Controllers\AlertaController->index(Object(App\Core\Request))
#5 C:\xampp\htdocs\sistema_parque_vehicular\app\Core\Router.php(67): App\Core\Router->invokeHandler(Array, Array, Object(App\Core\Request))
#6 C:\xampp\htdocs\sistema_parque_vehicular\app\Middlewares\PermissionMiddleware.php(24): App\Core\Router->App\Core\{closure}()
#7 C:\xampp\htdocs\sistema_parque_vehicular\app\Core\Router.php(85): App\Middlewares\PermissionMiddleware->handle(Object(App\Core\Request), Object(Closure))
#8 C:\xampp\htdocs\sistema_parque_vehicular\app\Core\Router.php(66): App\Core\Router->runMiddleware(Object(App\Middlewares\PermissionMiddleware), Object(App\Core\Request), Object(Closure))
#9 C:\xampp\htdocs\sistema_parque_vehicular\app\Middlewares\AuthMiddleware.php(18): App\Core\Router->App\Core\{closure}()
#10 C:\xampp\htdocs\sistema_parque_vehicular\app\Core\Router.php(85): App\Middlewares\AuthMiddleware->handle(Object(App\Core\Request), Object(Closure))
#11 C:\xampp\htdocs\sistema_parque_vehicular\app\Core\Router.php(66): App\Core\Router->runMiddleware(Object(App\Middlewares\AuthMiddleware), Object(App\Core\Request), Object(Closure))
#12 C:\xampp\htdocs\sistema_parque_vehicular\app\Core\Router.php(70): App\Core\Router->App\Core\{closure}()
#13 C:\xampp\htdocs\sistema_parque_vehicular\app\Core\Application.php(36): App\Core\Router->dispatch(Object(App\Core\Request))
#14 C:\xampp\htdocs\sistema_parque_vehicular\public\index.php(13): App\Core\Application->run()
#15 {main}
---
[2026-06-24 14:07:31] Error: Call to undefined function alerta_estado_mantenimiento() | GET /sistema_parque_vehicular/public/alertas | user:1
#0 C:\xampp\htdocs\sistema_parque_vehicular\app\Core\View.php(18): require()
#1 C:\xampp\htdocs\sistema_parque_vehicular\app\Core\View.php(32): App\Core\View::render('alertas.index', Array, 'layouts.app')
#2 C:\xampp\htdocs\sistema_parque_vehicular\app\Controllers\BaseController.php(14): App\Core\View::make('alertas.index', Array, 'layouts.app')
#3 C:\xampp\htdocs\sistema_parque_vehicular\app\Controllers\AlertaController.php(36): App\Controllers\BaseController->render('alertas.index', Array)
#4 C:\xampp\htdocs\sistema_parque_vehicular\app\Core\Router.php(93): App\Controllers\AlertaController->index(Object(App\Core\Request))
#5 C:\xampp\htdocs\sistema_parque_vehicular\app\Core\Router.php(67): App\Core\Router->invokeHandler(Array, Array, Object(App\Core\Request))
#6 C:\xampp\htdocs\sistema_parque_vehicular\app\Middlewares\PermissionMiddleware.php(24): App\Core\Router->App\Core\{closure}()
#7 C:\xampp\htdocs\sistema_parque_vehicular\app\Core\Router.php(85): App\Middlewares\PermissionMiddleware->handle(Object(App\Core\Request), Object(Closure))
#8 C:\xampp\htdocs\sistema_parque_vehicular\app\Core\Router.php(66): App\Core\Router->runMiddleware(Object(App\Middlewares\PermissionMiddleware), Object(App\Core\Request), Object(Closure))
#9 C:\xampp\htdocs\sistema_parque_vehicular\app\Middlewares\AuthMiddleware.php(18): App\Core\Router->App\Core\{closure}()
#10 C:\xampp\htdocs\sistema_parque_vehicular\app\Core\Router.php(85): App\Middlewares\AuthMiddleware->handle(Object(App\Core\Request), Object(Closure))
#11 C:\xampp\htdocs\sistema_parque_vehicular\app\Core\Router.php(66): App\Core\Router->runMiddleware(Object(App\Middlewares\AuthMiddleware), Object(App\Core\Request), Object(Closure))
#12 C:\xampp\htdocs\sistema_parque_vehicular\app\Core\Router.php(70): App\Core\Router->App\Core\{closure}()
#13 C:\xampp\htdocs\sistema_parque_vehicular\app\Core\Application.php(36): App\Core\Router->dispatch(Object(App\Core\Request))
#14 C:\xampp\htdocs\sistema_parque_vehicular\public\index.php(13): App\Core\Application->run()
#15 {main}
---
[2026-06-24 14:07:31] Error: Call to undefined function alerta_estado_mantenimiento() | GET /sistema_parque_vehicular/public/alertas | user:1
#0 C:\xampp\htdocs\sistema_parque_vehicular\app\Core\View.php(18): require()
#1 C:\xampp\htdocs\sistema_parque_vehicular\app\Core\View.php(32): App\Core\View::render('alertas.index', Array, 'layouts.app')
#2 C:\xampp\htdocs\sistema_parque_vehicular\app\Controllers\BaseController.php(14): App\Core\View::make('alertas.index', Array, 'layouts.app')
#3 C:\xampp\htdocs\sistema_parque_vehicular\app\Controllers\AlertaController.php(36): App\Controllers\BaseController->render('alertas.index', Array)
#4 C:\xampp\htdocs\sistema_parque_vehicular\app\Core\Router.php(93): App\Controllers\AlertaController->index(Object(App\Core\Request))
#5 C:\xampp\htdocs\sistema_parque_vehicular\app\Core\Router.php(67): App\Core\Router->invokeHandler(Array, Array, Object(App\Core\Request))
#6 C:\xampp\htdocs\sistema_parque_vehicular\app\Middlewares\PermissionMiddleware.php(24): App\Core\Router->App\Core\{closure}()
#7 C:\xampp\htdocs\sistema_parque_vehicular\app\Core\Router.php(85): App\Middlewares\PermissionMiddleware->handle(Object(App\Core\Request), Object(Closure))
#8 C:\xampp\htdocs\sistema_parque_vehicular\app\Core\Router.php(66): App\Core\Router->runMiddleware(Object(App\Middlewares\PermissionMiddleware), Object(App\Core\Request), Object(Closure))
#9 C:\xampp\htdocs\sistema_parque_vehicular\app\Middlewares\AuthMiddleware.php(18): App\Core\Router->App\Core\{closure}()
#10 C:\xampp\htdocs\sistema_parque_vehicular\app\Core\Router.php(85): App\Middlewares\AuthMiddleware->handle(Object(App\Core\Request), Object(Closure))
#11 C:\xampp\htdocs\sistema_parque_vehicular\app\Core\Router.php(66): App\Core\Router->runMiddleware(Object(App\Middlewares\AuthMiddleware), Object(App\Core\Request), Object(Closure))
#12 C:\xampp\htdocs\sistema_parque_vehicular\app\Core\Router.php(70): App\Core\Router->App\Core\{closure}()
#13 C:\xampp\htdocs\sistema_parque_vehicular\app\Core\Application.php(36): App\Core\Router->dispatch(Object(App\Core\Request))
#14 C:\xampp\htdocs\sistema_parque_vehicular\public\index.php(13): App\Core\Application->run()
#15 {main}
---
[2026-06-24 14:07:32] Error: Call to undefined function alerta_estado_mantenimiento() | GET /sistema_parque_vehicular/public/alertas | user:1
#0 C:\xampp\htdocs\sistema_parque_vehicular\app\Core\View.php(18): require()
#1 C:\xampp\htdocs\sistema_parque_vehicular\app\Core\View.php(32): App\Core\View::render('alertas.index', Array, 'layouts.app')
#2 C:\xampp\htdocs\sistema_parque_vehicular\app\Controllers\BaseController.php(14): App\Core\View::make('alertas.index', Array, 'layouts.app')
#3 C:\xampp\htdocs\sistema_parque_vehicular\app\Controllers\AlertaController.php(36): App\Controllers\BaseController->render('alertas.index', Array)
#4 C:\xampp\htdocs\sistema_parque_vehicular\app\Core\Router.php(93): App\Controllers\AlertaController->index(Object(App\Core\Request))
#5 C:\xampp\htdocs\sistema_parque_vehicular\app\Core\Router.php(67): App\Core\Router->invokeHandler(Array, Array, Object(App\Core\Request))
#6 C:\xampp\htdocs\sistema_parque_vehicular\app\Middlewares\PermissionMiddleware.php(24): App\Core\Router->App\Core\{closure}()
#7 C:\xampp\htdocs\sistema_parque_vehicular\app\Core\Router.php(85): App\Middlewares\PermissionMiddleware->handle(Object(App\Core\Request), Object(Closure))
#8 C:\xampp\htdocs\sistema_parque_vehicular\app\Core\Router.php(66): App\Core\Router->runMiddleware(Object(App\Middlewares\PermissionMiddleware), Object(App\Core\Request), Object(Closure))
#9 C:\xampp\htdocs\sistema_parque_vehicular\app\Middlewares\AuthMiddleware.php(18): App\Core\Router->App\Core\{closure}()
#10 C:\xampp\htdocs\sistema_parque_vehicular\app\Core\Router.php(85): App\Middlewares\AuthMiddleware->handle(Object(App\Core\Request), Object(Closure))
#11 C:\xampp\htdocs\sistema_parque_vehicular\app\Core\Router.php(66): App\Core\Router->runMiddleware(Object(App\Middlewares\AuthMiddleware), Object(App\Core\Request), Object(Closure))
#12 C:\xampp\htdocs\sistema_parque_vehicular\app\Core\Router.php(70): App\Core\Router->App\Core\{closure}()
#13 C:\xampp\htdocs\sistema_parque_vehicular\app\Core\Application.php(36): App\Core\Router->dispatch(Object(App\Core\Request))
#14 C:\xampp\htdocs\sistema_parque_vehicular\public\index.php(13): App\Core\Application->run()
#15 {main}
---
[2026-06-24 14:07:32] Error: Call to undefined function alerta_estado_mantenimiento() | GET /sistema_parque_vehicular/public/alertas | user:1
#0 C:\xampp\htdocs\sistema_parque_vehicular\app\Core\View.php(18): require()
#1 C:\xampp\htdocs\sistema_parque_vehicular\app\Core\View.php(32): App\Core\View::render('alertas.index', Array, 'layouts.app')
#2 C:\xampp\htdocs\sistema_parque_vehicular\app\Controllers\BaseController.php(14): App\Core\View::make('alertas.index', Array, 'layouts.app')
#3 C:\xampp\htdocs\sistema_parque_vehicular\app\Controllers\AlertaController.php(36): App\Controllers\BaseController->render('alertas.index', Array)
#4 C:\xampp\htdocs\sistema_parque_vehicular\app\Core\Router.php(93): App\Controllers\AlertaController->index(Object(App\Core\Request))
#5 C:\xampp\htdocs\sistema_parque_vehicular\app\Core\Router.php(67): App\Core\Router->invokeHandler(Array, Array, Object(App\Core\Request))
#6 C:\xampp\htdocs\sistema_parque_vehicular\app\Middlewares\PermissionMiddleware.php(24): App\Core\Router->App\Core\{closure}()
#7 C:\xampp\htdocs\sistema_parque_vehicular\app\Core\Router.php(85): App\Middlewares\PermissionMiddleware->handle(Object(App\Core\Request), Object(Closure))
#8 C:\xampp\htdocs\sistema_parque_vehicular\app\Core\Router.php(66): App\Core\Router->runMiddleware(Object(App\Middlewares\PermissionMiddleware), Object(App\Core\Request), Object(Closure))
#9 C:\xampp\htdocs\sistema_parque_vehicular\app\Middlewares\AuthMiddleware.php(18): App\Core\Router->App\Core\{closure}()
#10 C:\xampp\htdocs\sistema_parque_vehicular\app\Core\Router.php(85): App\Middlewares\AuthMiddleware->handle(Object(App\Core\Request), Object(Closure))
#11 C:\xampp\htdocs\sistema_parque_vehicular\app\Core\Router.php(66): App\Core\Router->runMiddleware(Object(App\Middlewares\AuthMiddleware), Object(App\Core\Request), Object(Closure))
#12 C:\xampp\htdocs\sistema_parque_vehicular\app\Core\Router.php(70): App\Core\Router->App\Core\{closure}()
#13 C:\xampp\htdocs\sistema_parque_vehicular\app\Core\Application.php(36): App\Core\Router->dispatch(Object(App\Core\Request))
#14 C:\xampp\htdocs\sistema_parque_vehicular\public\index.php(13): App\Core\Application->run()
#15 {main}
---
